This file contains any messages produced by compilers while
running configure, to aid debugging if configure makes a mistake.

It was created by indicator-datetime configure 12.10.2, which was
generated by GNU Autoconf 2.69.  Invocation command line was

  $ ./configure 

## --------- ##
## Platform. ##
## --------- ##

hostname = stone-ThinkPad-X230
uname -m = i686
uname -r = 3.8.0-35-generic
uname -s = Linux
uname -v = #50-Ubuntu SMP Tue Dec 3 01:25:33 UTC 2013

/usr/bin/uname -p = unknown
/bin/uname -X     = unknown

/bin/arch              = unknown
/usr/bin/arch -k       = unknown
/usr/convex/getsysinfo = unknown
/usr/bin/hostinfo      = unknown
/bin/machine           = unknown
/usr/bin/oslevel       = unknown
/bin/universe          = unknown

PATH: /usr/lib/lightdm/lightdm
PATH: /usr/local/sbin
PATH: /usr/local/bin
PATH: /usr/sbin
PATH: /usr/bin
PATH: /sbin
PATH: /bin
PATH:  /usr/games
PATH: /usr/local/arm/4.4.3/bin


## ----------- ##
## Core tests. ##
## ----------- ##

configure:2396: checking for a BSD-compatible install
configure:2464: result: /usr/bin/install -c
configure:2475: checking whether build environment is sane
configure:2525: result: yes
configure:2666: checking for a thread-safe mkdir -p
configure:2705: result: /bin/mkdir -p
configure:2718: checking for gawk
configure:2748: result: no
configure:2718: checking for mawk
configure:2734: found /usr/bin/mawk
configure:2745: result: mawk
configure:2756: checking whether make sets $(MAKE)
configure:2778: result: yes
configure:2859: checking whether to enable maintainer-specific portions of Makefiles
configure:2868: result: yes
configure:2893: checking whether make supports nested variables
configure:2910: result: yes
configure:2971: checking for gcc
configure:2987: found /usr/bin/gcc
configure:2998: result: gcc
configure:3227: checking for C compiler version
configure:3236: gcc --version >&5
gcc (Ubuntu/Linaro 4.7.3-1ubuntu1) 4.7.3
Copyright (C) 2012 Free Software Foundation, Inc.
This is free software; see the source for copying conditions.  There is NO
warranty; not even for MERCHANTABILITY or FITNESS FOR A PARTICULAR PURPOSE.

configure:3247: $? = 0
configure:3236: gcc -v >&5
Using built-in specs.
COLLECT_GCC=gcc
COLLECT_LTO_WRAPPER=/usr/lib/gcc/i686-linux-gnu/4.7/lto-wrapper
Target: i686-linux-gnu
Configured with: ../src/configure -v --with-pkgversion='Ubuntu/Linaro 4.7.3-1ubuntu1' --with-bugurl=file:///usr/share/doc/gcc-4.7/README.Bugs --enable-languages=c,c++,go,fortran,objc,obj-c++ --prefix=/usr --program-suffix=-4.7 --enable-shared --enable-linker-build-id --libexecdir=/usr/lib --without-included-gettext --enable-threads=posix --with-gxx-include-dir=/usr/include/c++/4.7 --libdir=/usr/lib --enable-nls --with-sysroot=/ --enable-clocale=gnu --enable-libstdcxx-debug --enable-libstdcxx-time=yes --enable-gnu-unique-object --enable-plugin --with-system-zlib --enable-objc-gc --enable-targets=all --with-cloog --enable-cloog-backend=ppl --disable-cloog-version-check --disable-ppl-version-check --enable-multiarch --disable-werror --with-arch-32=i686 --with-multilib-list=m32,m64,mx32 --with-tune=generic --enable-checking=release --build=i686-linux-gnu --host=i686-linux-gnu --target=i686-linux-gnu
Thread model: posix
gcc version 4.7.3 (Ubuntu/Linaro 4.7.3-1ubuntu1) 
configure:3247: $? = 0
configure:3236: gcc -V >&5
gcc: error: unrecognized command line option '-V'
gcc: fatal error: no input files
compilation terminated.
configure:3247: $? = 4
configure:3236: gcc -qversion >&5
gcc: error: unrecognized command line option '-qversion'
gcc: fatal error: no input files
compilation terminated.
configure:3247: $? = 4
configure:3267: checking whether the C compiler works
configure:3289: gcc    conftest.c  >&5
configure:3293: $? = 0
configure:3341: result: yes
configure:3344: checking for C compiler default output file name
configure:3346: result: a.out
configure:3352: checking for suffix of executables
configure:3359: gcc -o conftest    conftest.c  >&5
configure:3363: $? = 0
configure:3385: result: 
configure:3407: checking whether we are cross compiling
configure:3415: gcc -o conftest    conftest.c  >&5
configure:3419: $? = 0
configure:3426: ./conftest
configure:3430: $? = 0
configure:3445: result: no
configure:3450: checking for suffix of object files
configure:3472: gcc -c   conftest.c >&5
configure:3476: $? = 0
configure:3497: result: o
configure:3501: checking whether we are using the GNU C compiler
configure:3520: gcc -c   conftest.c >&5
configure:3520: $? = 0
configure:3529: result: yes
configure:3538: checking whether gcc accepts -g
configure:3558: gcc -c -g  conftest.c >&5
configure:3558: $? = 0
configure:3599: result: yes
configure:3616: checking for gcc option to accept ISO C89
configure:3679: gcc  -c -g -O2  conftest.c >&5
configure:3679: $? = 0
configure:3692: result: none needed
configure:3723: checking for style of include used by make
configure:3751: result: GNU
configure:3777: checking dependency style of gcc
configure:3888: result: gcc3
configure:3904: checking whether gcc and cc understand -c and -o together
configure:3935: gcc -c conftest.c -o conftest2.o >&5
configure:3939: $? = 0
configure:3945: gcc -c conftest.c -o conftest2.o >&5
configure:3949: $? = 0
configure:3960: cc -c conftest.c >&5
configure:3964: $? = 0
configure:3972: cc -c conftest.c -o conftest2.o >&5
configure:3976: $? = 0
configure:3982: cc -c conftest.c -o conftest2.o >&5
configure:3986: $? = 0
configure:4004: result: yes
configure:4035: checking how to run the C preprocessor
configure:4066: gcc -E  conftest.c
configure:4066: $? = 0
configure:4080: gcc -E  conftest.c
conftest.c:11:28: fatal error: ac_nonexistent.h: No such file or directory
compilation terminated.
configure:4080: $? = 1
configure: failed program was:
| /* confdefs.h */
| #define PACKAGE_NAME "indicator-datetime"
| #define PACKAGE_TARNAME "indicator-datetime"
| #define PACKAGE_VERSION "12.10.2"
| #define PACKAGE_STRING "indicator-datetime 12.10.2"
| #define PACKAGE_BUGREPORT "http://bugs.launchpad.net/indicator-datetime"
| #define PACKAGE_URL "http://launchpad.net/indicator-datetime"
| #define PACKAGE "indicator-datetime"
| #define VERSION "12.10.2"
| /* end confdefs.h.  */
| #include <ac_nonexistent.h>
configure:4105: result: gcc -E
configure:4125: gcc -E  conftest.c
configure:4125: $? = 0
configure:4139: gcc -E  conftest.c
conftest.c:11:28: fatal error: ac_nonexistent.h: No such file or directory
compilation terminated.
configure:4139: $? = 1
configure: failed program was:
| /* confdefs.h */
| #define PACKAGE_NAME "indicator-datetime"
| #define PACKAGE_TARNAME "indicator-datetime"
| #define PACKAGE_VERSION "12.10.2"
| #define PACKAGE_STRING "indicator-datetime 12.10.2"
| #define PACKAGE_BUGREPORT "http://bugs.launchpad.net/indicator-datetime"
| #define PACKAGE_URL "http://launchpad.net/indicator-datetime"
| #define PACKAGE "indicator-datetime"
| #define VERSION "12.10.2"
| /* end confdefs.h.  */
| #include <ac_nonexistent.h>
configure:4168: checking for grep that handles long lines and -e
configure:4226: result: /bin/grep
configure:4231: checking for egrep
configure:4293: result: /bin/grep -E
configure:4298: checking for ANSI C header files
configure:4318: gcc -c -g -O2  conftest.c >&5
configure:4318: $? = 0
configure:4391: gcc -o conftest -g -O2   conftest.c  >&5
configure:4391: $? = 0
configure:4391: ./conftest
configure:4391: $? = 0
configure:4402: result: yes
configure:4442: checking build system type
configure:4456: result: i686-pc-linux-gnu
configure:4476: checking host system type
configure:4489: result: i686-pc-linux-gnu
configure:4530: checking how to print strings
configure:4557: result: printf
configure:4578: checking for a sed that does not truncate output
configure:4642: result: /bin/sed
configure:4660: checking for fgrep
configure:4722: result: /bin/grep -F
configure:4757: checking for ld used by gcc
configure:4824: result: /usr/bin/ld
configure:4831: checking if the linker (/usr/bin/ld) is GNU ld
configure:4846: result: yes
configure:4858: checking for BSD- or MS-compatible name lister (nm)
configure:4907: result: /usr/bin/nm -B
configure:5037: checking the name lister (/usr/bin/nm -B) interface
configure:5044: gcc -c -g -O2  conftest.c >&5
configure:5047: /usr/bin/nm -B "conftest.o"
configure:5050: output
00000000 B some_variable
configure:5057: result: BSD nm
configure:5060: checking whether ln -s works
configure:5064: result: yes
configure:5072: checking the maximum length of command line arguments
configure:5202: result: 1572864
configure:5219: checking whether the shell understands some XSI constructs
configure:5229: result: yes
configure:5233: checking whether the shell understands "+="
configure:5239: result: yes
configure:5274: checking how to convert i686-pc-linux-gnu file names to i686-pc-linux-gnu format
configure:5314: result: func_convert_file_noop
configure:5321: checking how to convert i686-pc-linux-gnu file names to toolchain format
configure:5341: result: func_convert_file_noop
configure:5348: checking for /usr/bin/ld option to reload object files
configure:5355: result: -r
configure:5429: checking for objdump
configure:5445: found /usr/bin/objdump
configure:5456: result: objdump
configure:5488: checking how to recognize dependent libraries
configure:5690: result: pass_all
configure:5775: checking for dlltool
configure:5805: result: no
configure:5835: checking how to associate runtime and link libraries
configure:5862: result: printf %s\n
configure:5922: checking for ar
configure:5938: found /usr/bin/ar
configure:5949: result: ar
configure:5986: checking for archiver @FILE support
configure:6003: gcc -c -g -O2  conftest.c >&5
configure:6003: $? = 0
configure:6006: ar cru libconftest.a @conftest.lst >&5
configure:6009: $? = 0
configure:6014: ar cru libconftest.a @conftest.lst >&5
ar: conftest.o: No such file or directory
configure:6017: $? = 1
configure:6029: result: @
configure:6087: checking for strip
configure:6103: found /usr/bin/strip
configure:6114: result: strip
configure:6186: checking for ranlib
configure:6202: found /usr/bin/ranlib
configure:6213: result: ranlib
configure:6315: checking command to parse /usr/bin/nm -B output from gcc object
configure:6435: gcc -c -g -O2  conftest.c >&5
configure:6438: $? = 0
configure:6442: /usr/bin/nm -B conftest.o \| sed -n -e 's/^.*[ ]\([ABCDGIRSTW][ABCDGIRSTW]*\)[ ][ ]*\([_A-Za-z][_A-Za-z0-9]*\)$/\1 \2 \2/p' | sed '/ __gnu_lto/d' \> conftest.nm
configure:6445: $? = 0
configure:6511: gcc -o conftest -g -O2   conftest.c conftstm.o >&5
configure:6514: $? = 0
configure:6552: result: ok
configure:6589: checking for sysroot
configure:6619: result: no
configure:6875: checking for mt
configure:6891: found /bin/mt
configure:6902: result: mt
configure:6925: checking if mt is a manifest tool
configure:6931: mt '-?'
configure:6939: result: no
configure:7581: checking for sys/types.h
configure:7581: gcc -c -g -O2  conftest.c >&5
configure:7581: $? = 0
configure:7581: result: yes
configure:7581: checking for sys/stat.h
configure:7581: gcc -c -g -O2  conftest.c >&5
configure:7581: $? = 0
configure:7581: result: yes
configure:7581: checking for stdlib.h
configure:7581: gcc -c -g -O2  conftest.c >&5
configure:7581: $? = 0
configure:7581: result: yes
configure:7581: checking for string.h
configure:7581: gcc -c -g -O2  conftest.c >&5
configure:7581: $? = 0
configure:7581: result: yes
configure:7581: checking for memory.h
configure:7581: gcc -c -g -O2  conftest.c >&5
configure:7581: $? = 0
configure:7581: result: yes
configure:7581: checking for strings.h
configure:7581: gcc -c -g -O2  conftest.c >&5
configure:7581: $? = 0
configure:7581: result: yes
configure:7581: checking for inttypes.h
configure:7581: gcc -c -g -O2  conftest.c >&5
configure:7581: $? = 0
configure:7581: result: yes
configure:7581: checking for stdint.h
configure:7581: gcc -c -g -O2  conftest.c >&5
configure:7581: $? = 0
configure:7581: result: yes
configure:7581: checking for unistd.h
configure:7581: gcc -c -g -O2  conftest.c >&5
configure:7581: $? = 0
configure:7581: result: yes
configure:7595: checking for dlfcn.h
configure:7595: gcc -c -g -O2  conftest.c >&5
configure:7595: $? = 0
configure:7595: result: yes
configure:7800: checking for objdir
configure:7815: result: .libs
configure:8086: checking if gcc supports -fno-rtti -fno-exceptions
configure:8104: gcc -c -g -O2  -fno-rtti -fno-exceptions conftest.c >&5
cc1: warning: command line option '-fno-rtti' is valid for C++/ObjC++ but not for C [enabled by default]
configure:8108: $? = 0
configure:8121: result: no
configure:8448: checking for gcc option to produce PIC
configure:8455: result: -fPIC -DPIC
configure:8463: checking if gcc PIC flag -fPIC -DPIC works
configure:8481: gcc -c -g -O2  -fPIC -DPIC -DPIC conftest.c >&5
configure:8485: $? = 0
configure:8498: result: yes
configure:8527: checking if gcc static flag -static works
configure:8555: result: yes
configure:8570: checking if gcc supports -c -o file.o
configure:8591: gcc -c -g -O2  -o out/conftest2.o conftest.c >&5
configure:8595: $? = 0
configure:8617: result: yes
configure:8625: checking if gcc supports -c -o file.o
configure:8672: result: yes
configure:8705: checking whether the gcc linker (/usr/bin/ld) supports shared libraries
configure:9862: result: yes
configure:9899: checking whether -lc should be explicitly linked in
configure:9907: gcc -c -g -O2  conftest.c >&5
configure:9910: $? = 0
configure:9925: gcc -shared  -fPIC -DPIC conftest.o  -v -Wl,-soname -Wl,conftest -o conftest 2\>\&1 \| /bin/grep  -lc  \>/dev/null 2\>\&1
configure:9928: $? = 0
configure:9942: result: no
configure:10102: checking dynamic linker characteristics
configure:10613: gcc -o conftest -g -O2   -Wl,-rpath -Wl,/foo conftest.c  >&5
configure:10613: $? = 0
configure:10847: result: GNU/Linux ld.so
configure:10954: checking how to hardcode library paths into programs
configure:10979: result: immediate
configure:11519: checking whether stripping libraries is possible
configure:11524: result: yes
configure:11559: checking if libtool supports shared libraries
configure:11561: result: yes
configure:11564: checking whether to build shared libraries
configure:11585: result: yes
configure:11588: checking whether to build static libraries
configure:11592: result: no
configure:11630: checking for pow in -lm
configure:11655: gcc -o conftest -g -O2   conftest.c -lm   >&5
conftest.c:30:6: warning: conflicting types for built-in function 'pow' [enabled by default]
configure:11655: $? = 0
configure:11664: result: yes
configure:11690: checking for glib-mkenums
configure:11708: found /usr/bin/glib-mkenums
configure:11720: result: /usr/bin/glib-mkenums
configure:11730: checking for glib-genmarshal
configure:11748: found /usr/bin/glib-genmarshal
configure:11760: result: /usr/bin/glib-genmarshal
configure:11823: checking for pkg-config
configure:11841: found /usr/bin/pkg-config
configure:11853: result: /usr/bin/pkg-config
configure:11878: checking pkg-config is at least version 0.9.0
configure:11881: result: yes
configure:11910: checking for INDICATOR
configure:11921: $PKG_CONFIG --exists --print-errors "indicator3-0.4 >= $INDICATOR_REQUIRED_VERSION
                             glib-2.0 >= $GLIB_REQUIRED_VERSION
                             dbusmenu-glib-0.4 >= $DBUSMENUGLIB_REQUIRED_VERSION
                             dbusmenu-gtk3-0.4 >= $DBUSMENUGTK_REQUIRED_VERSION
                             libido3-0.1 >= $INDICATOR_DISPLAY_OBJECTS"
configure:11928: $? = 0
configure:11950: $PKG_CONFIG --exists --print-errors "indicator3-0.4 >= $INDICATOR_REQUIRED_VERSION
                             glib-2.0 >= $GLIB_REQUIRED_VERSION
                             dbusmenu-glib-0.4 >= $DBUSMENUGLIB_REQUIRED_VERSION
                             dbusmenu-gtk3-0.4 >= $DBUSMENUGTK_REQUIRED_VERSION
                             libido3-0.1 >= $INDICATOR_DISPLAY_OBJECTS"
configure:11957: $? = 0
configure:12031: result: yes
configure:12038: checking for SERVICE
configure:12057: $PKG_CONFIG --exists --print-errors "indicator3-0.4 >= $INDICATOR_REQUIRED_VERSION
                           glib-2.0 >= $GLIB_REQUIRED_VERSION
                           dbusmenu-glib-0.4 >= $DBUSMENUGLIB_REQUIRED_VERSION
                           dbusmenu-gtk3-0.4 >= $DBUSMENUGTK_REQUIRED_VERSION
                           libido3-0.1 >= $INDICATOR_DISPLAY_OBJECTS
                           gio-2.0 >= $GIO_REQUIRED_VERSION
                           geoclue >= $GEOCLUE_REQUIRED_VERSION
                           libecal-1.2 >= $ECAL_REQUIRED_VERSION
                           libical >= $ICAL_REQUIRED_VERSION
                           libedataserver-1.2 >= EDS_REQUIRED_VERSION
                           libedataserverui-3.0 >= EDS_REQUIRED_VERSION
                           cairo >= CAIRO_REQUIRED_VERSION
                           gdk-3.0 >= GDK_REQUIRED_VERSION"
configure:12072: $? = 0
configure:12110: $PKG_CONFIG --exists --print-errors "indicator3-0.4 >= $INDICATOR_REQUIRED_VERSION
                           glib-2.0 >= $GLIB_REQUIRED_VERSION
                           dbusmenu-glib-0.4 >= $DBUSMENUGLIB_REQUIRED_VERSION
                           dbusmenu-gtk3-0.4 >= $DBUSMENUGTK_REQUIRED_VERSION
                           libido3-0.1 >= $INDICATOR_DISPLAY_OBJECTS
                           gio-2.0 >= $GIO_REQUIRED_VERSION
                           geoclue >= $GEOCLUE_REQUIRED_VERSION
                           libecal-1.2 >= $ECAL_REQUIRED_VERSION
                           libical >= $ICAL_REQUIRED_VERSION
                           libedataserver-1.2 >= EDS_REQUIRED_VERSION
                           libedataserverui-3.0 >= EDS_REQUIRED_VERSION
                           cairo >= CAIRO_REQUIRED_VERSION
                           gdk-3.0 >= GDK_REQUIRED_VERSION"
configure:12125: $? = 0
configure:12231: result: yes
configure:12252: checking for PREF
configure:12263: $PKG_CONFIG --exists --print-errors "gio-2.0 >= $GIO_REQUIRED_VERSION
                      gtk+-3.0 >= $GTK3_REQUIRED_VERSION
                      timezonemap
                      libgnome-control-center
                      polkit-gobject-1"
configure:12270: $? = 0
configure:12292: $PKG_CONFIG --exists --print-errors "gio-2.0 >= $GIO_REQUIRED_VERSION
                      gtk+-3.0 >= $GTK3_REQUIRED_VERSION
                      timezonemap
                      libgnome-control-center
                      polkit-gobject-1"
configure:12299: $? = 0
configure:12349: result: yes
configure:12359: checking for LIBMAP
configure:12367: $PKG_CONFIG --exists --print-errors "gio-2.0 >= $GIO_REQUIRED_VERSION
                                gtk+-3.0 >= $GTK3_REQUIRED_VERSION"
configure:12371: $? = 0
configure:12387: $PKG_CONFIG --exists --print-errors "gio-2.0 >= $GIO_REQUIRED_VERSION
                                gtk+-3.0 >= $GTK3_REQUIRED_VERSION"
configure:12391: $? = 0
configure:12453: result: yes
configure:12543: checking for pkg-config
configure:12573: result: /usr/bin/pkg-config
configure:12598: checking pkg-config is at least version 0.16
configure:12601: result: yes
configure:13055: checking whether NLS is requested
configure:13064: result: yes
configure:13082: checking for intltool >= 0.41.0
configure:13084: result: 0.50.2 found
configure:13092: checking for intltool-update
configure:13110: found /usr/bin/intltool-update
configure:13122: result: /usr/bin/intltool-update
configure:13132: checking for intltool-merge
configure:13150: found /usr/bin/intltool-merge
configure:13162: result: /usr/bin/intltool-merge
configure:13172: checking for intltool-extract
configure:13190: found /usr/bin/intltool-extract
configure:13202: result: /usr/bin/intltool-extract
configure:13356: checking for xgettext
configure:13374: found /usr/bin/xgettext
configure:13386: result: /usr/bin/xgettext
configure:13396: checking for msgmerge
configure:13414: found /usr/bin/msgmerge
configure:13426: result: /usr/bin/msgmerge
configure:13436: checking for msgfmt
configure:13454: found /usr/bin/msgfmt
configure:13466: result: /usr/bin/msgfmt
configure:13476: checking for gmsgfmt
configure:13507: result: /usr/bin/msgfmt
configure:13527: checking for perl
configure:13545: found /usr/bin/perl
configure:13557: result: /usr/bin/perl
configure:13568: checking for perl >= 5.8.1
configure:13575: result: 5.14.2
configure:13579: checking for XML::Parser
configure:13582: result: ok
configure:13607: gcc -o conftest -g -O2   conftest.c -lm  >&5
configure:13607: $? = 0
configure:13658: checking locale.h usability
configure:13658: gcc -c -g -O2  conftest.c >&5
configure:13658: $? = 0
configure:13658: result: yes
configure:13658: checking locale.h presence
configure:13658: gcc -E  conftest.c
configure:13658: $? = 0
configure:13658: result: yes
configure:13658: checking for locale.h
configure:13658: result: yes
configure:13669: checking for LC_MESSAGES
configure:13685: gcc -o conftest -g -O2   conftest.c -lm  >&5
configure:13685: $? = 0
configure:13693: result: yes
configure:13710: checking libintl.h usability
configure:13710: gcc -c -g -O2  conftest.c >&5
configure:13710: $? = 0
configure:13710: result: yes
configure:13710: checking libintl.h presence
configure:13710: gcc -E  conftest.c
configure:13710: $? = 0
configure:13710: result: yes
configure:13710: checking for libintl.h
configure:13710: result: yes
configure:13718: checking for ngettext in libc
configure:13736: gcc -o conftest -g -O2   conftest.c -lm  >&5
configure:13736: $? = 0
configure:13745: result: yes
configure:13749: checking for dgettext in libc
configure:13767: gcc -o conftest -g -O2   conftest.c -lm  >&5
configure:13767: $? = 0
configure:13776: result: yes
configure:13783: checking for bind_textdomain_codeset
configure:13783: gcc -o conftest -g -O2   conftest.c -lm  >&5
configure:13783: $? = 0
configure:13783: result: yes
configure:14059: checking for msgfmt
configure:14086: result: /usr/bin/msgfmt
configure:14097: checking for dcgettext
configure:14097: gcc -o conftest -g -O2   conftest.c -lm   >&5
conftest.c:54:6: warning: conflicting types for built-in function 'dcgettext' [enabled by default]
configure:14097: $? = 0
configure:14097: result: yes
configure:14107: checking if msgfmt accepts -c
configure:14122: $MSGFMT -c -o /dev/null conftest.foo
configure:14125: $? = 0
configure:14127: result: yes
configure:14137: checking for gmsgfmt
configure:14168: result: /usr/bin/msgfmt
configure:14178: checking for xgettext
configure:14205: result: /usr/bin/xgettext
configure:14224: gcc -o conftest -g -O2   conftest.c -lm   >&5
configure:14224: $? = 0
configure:14524: creating ./config.status

## ---------------------- ##
## Running config.status. ##
## ---------------------- ##

This file was extended by indicator-datetime config.status 12.10.2, which was
generated by GNU Autoconf 2.69.  Invocation command line was

  CONFIG_FILES    = 
  CONFIG_HEADERS  = 
  CONFIG_LINKS    = 
  CONFIG_COMMANDS = 
  $ ./config.status 

on stone-ThinkPad-X230

config.status:1263: creating Makefile
config.status:1263: creating src/Makefile
config.status:1263: creating data/Makefile
config.status:1263: creating tests/Makefile
config.status:1263: creating po/Makefile.in
config.status:1263: creating config.h
config.status:1492: executing depfiles commands
config.status:1492: executing libtool commands
config.status:1492: executing default-1 commands
config.status:1492: executing po/stamp-it commands
configure:16795:

Date and Time Indicator Configuration:

	Prefix:        /usr/local
	Indicator Dir: /usr/lib/indicators3/7/
	CC Panel:      yes
	CC Panel Dir:  /usr/lib/control-center-1/panels
	gcov:          no


## ---------------- ##
## Cache variables. ##
## ---------------- ##

ac_cv_build=i686-pc-linux-gnu
ac_cv_c_compiler_gnu=yes
ac_cv_env_CC_set=
ac_cv_env_CC_value=
ac_cv_env_CFLAGS_set=
ac_cv_env_CFLAGS_value=
ac_cv_env_CPPFLAGS_set=
ac_cv_env_CPPFLAGS_value=
ac_cv_env_CPP_set=
ac_cv_env_CPP_value=
ac_cv_env_INDICATOR_CFLAGS_set=
ac_cv_env_INDICATOR_CFLAGS_value=
ac_cv_env_INDICATOR_LIBS_set=
ac_cv_env_INDICATOR_LIBS_value=
ac_cv_env_LDFLAGS_set=
ac_cv_env_LDFLAGS_value=
ac_cv_env_LIBMAP_CFLAGS_set=
ac_cv_env_LIBMAP_CFLAGS_value=
ac_cv_env_LIBMAP_LIBS_set=
ac_cv_env_LIBMAP_LIBS_value=
ac_cv_env_LIBS_set=
ac_cv_env_LIBS_value=
ac_cv_env_PKG_CONFIG_LIBDIR_set=
ac_cv_env_PKG_CONFIG_LIBDIR_value=
ac_cv_env_PKG_CONFIG_PATH_set=
ac_cv_env_PKG_CONFIG_PATH_value=
ac_cv_env_PKG_CONFIG_set=
ac_cv_env_PKG_CONFIG_value=
ac_cv_env_PREF_CFLAGS_set=
ac_cv_env_PREF_CFLAGS_value=
ac_cv_env_PREF_LIBS_set=
ac_cv_env_PREF_LIBS_value=
ac_cv_env_SERVICE_CFLAGS_set=
ac_cv_env_SERVICE_CFLAGS_value=
ac_cv_env_SERVICE_LIBS_set=
ac_cv_env_SERVICE_LIBS_value=
ac_cv_env_build_alias_set=
ac_cv_env_build_alias_value=
ac_cv_env_host_alias_set=
ac_cv_env_host_alias_value=
ac_cv_env_target_alias_set=
ac_cv_env_target_alias_value=
ac_cv_func_bind_textdomain_codeset=yes
ac_cv_func_dcgettext=yes
ac_cv_header_dlfcn_h=yes
ac_cv_header_inttypes_h=yes
ac_cv_header_libintl_h=yes
ac_cv_header_locale_h=yes
ac_cv_header_memory_h=yes
ac_cv_header_stdc=yes
ac_cv_header_stdint_h=yes
ac_cv_header_stdlib_h=yes
ac_cv_header_string_h=yes
ac_cv_header_strings_h=yes
ac_cv_header_sys_stat_h=yes
ac_cv_header_sys_types_h=yes
ac_cv_header_unistd_h=yes
ac_cv_host=i686-pc-linux-gnu
ac_cv_lib_m_pow=yes
ac_cv_objext=o
ac_cv_path_EGREP='/bin/grep -E'
ac_cv_path_FGREP='/bin/grep -F'
ac_cv_path_GLIB_GENMARSHAL=/usr/bin/glib-genmarshal
ac_cv_path_GLIB_MKENUMS=/usr/bin/glib-mkenums
ac_cv_path_GMSGFMT=/usr/bin/msgfmt
ac_cv_path_GREP=/bin/grep
ac_cv_path_INTLTOOL_EXTRACT=/usr/bin/intltool-extract
ac_cv_path_INTLTOOL_MERGE=/usr/bin/intltool-merge
ac_cv_path_INTLTOOL_PERL=/usr/bin/perl
ac_cv_path_INTLTOOL_UPDATE=/usr/bin/intltool-update
ac_cv_path_MSGFMT=/usr/bin/msgfmt
ac_cv_path_MSGMERGE=/usr/bin/msgmerge
ac_cv_path_SED=/bin/sed
ac_cv_path_XGETTEXT=/usr/bin/xgettext
ac_cv_path_ac_pt_PKG_CONFIG=/usr/bin/pkg-config
ac_cv_path_install='/usr/bin/install -c'
ac_cv_path_mkdir=/bin/mkdir
ac_cv_prog_AWK=mawk
ac_cv_prog_CPP='gcc -E'
ac_cv_prog_ac_ct_AR=ar
ac_cv_prog_ac_ct_CC=gcc
ac_cv_prog_ac_ct_MANIFEST_TOOL=mt
ac_cv_prog_ac_ct_OBJDUMP=objdump
ac_cv_prog_ac_ct_RANLIB=ranlib
ac_cv_prog_ac_ct_STRIP=strip
ac_cv_prog_cc_c89=
ac_cv_prog_cc_g=yes
ac_cv_prog_cc_gcc_c_o=yes
ac_cv_prog_make_make_set=yes
am_cv_CC_dependencies_compiler_type=gcc3
am_cv_make_support_nested_variables=yes
am_cv_val_LC_MESSAGES=yes
gt_cv_func_dgettext_libc=yes
gt_cv_func_dgettext_libintl=no
gt_cv_func_ngettext_libc=yes
gt_cv_have_gettext=yes
lt_cv_ar_at_file=@
lt_cv_archive_cmds_need_lc=no
lt_cv_deplibs_check_method=pass_all
lt_cv_file_magic_cmd='$MAGIC_CMD'
lt_cv_file_magic_test_file=
lt_cv_ld_reload_flag=-r
lt_cv_nm_interface='BSD nm'
lt_cv_objdir=.libs
lt_cv_path_LD=/usr/bin/ld
lt_cv_path_NM='/usr/bin/nm -B'
lt_cv_path_mainfest_tool=no
lt_cv_prog_compiler_c_o=yes
lt_cv_prog_compiler_pic='-fPIC -DPIC'
lt_cv_prog_compiler_pic_works=yes
lt_cv_prog_compiler_rtti_exceptions=no
lt_cv_prog_compiler_static_works=yes
lt_cv_prog_gnu_ld=yes
lt_cv_sharedlib_from_linklib_cmd='printf %s\n'
lt_cv_shlibpath_overrides_runpath=no
lt_cv_sys_global_symbol_pipe='sed -n -e '\''s/^.*[	 ]\([ABCDGIRSTW][ABCDGIRSTW]*\)[	 ][	 ]*\([_A-Za-z][_A-Za-z0-9]*\)$/\1 \2 \2/p'\'' | sed '\''/ __gnu_lto/d'\'''
lt_cv_sys_global_symbol_to_c_name_address='sed -n -e '\''s/^: \([^ ]*\)[ ]*$/  {\"\1\", (void *) 0},/p'\'' -e '\''s/^[ABCDGIRSTW]* \([^ ]*\) \([^ ]*\)$/  {"\2", (void *) \&\2},/p'\'''
lt_cv_sys_global_symbol_to_c_name_address_lib_prefix='sed -n -e '\''s/^: \([^ ]*\)[ ]*$/  {\"\1\", (void *) 0},/p'\'' -e '\''s/^[ABCDGIRSTW]* \([^ ]*\) \(lib[^ ]*\)$/  {"\2", (void *) \&\2},/p'\'' -e '\''s/^[ABCDGIRSTW]* \([^ ]*\) \([^ ]*\)$/  {"lib\2", (void *) \&\2},/p'\'''
lt_cv_sys_global_symbol_to_cdecl='sed -n -e '\''s/^T .* \(.*\)$/extern int \1();/p'\'' -e '\''s/^[ABCDGIRSTW]* .* \(.*\)$/extern char \1;/p'\'''
lt_cv_sys_max_cmd_len=1572864
lt_cv_to_host_file_cmd=func_convert_file_noop
lt_cv_to_tool_file_cmd=func_convert_file_noop
pkg_cv_INDICATOR_CFLAGS='-pthread -I/usr/include/libindicator3-0.4 -I/usr/include/gtk-3.0 -I/usr/include/atk-1.0 -I/usr/include/at-spi2-atk/2.0 -I/usr/include/pango-1.0 -I/usr/include/gio-unix-2.0/ -I/usr/include/cairo -I/usr/include/gdk-pixbuf-2.0 -I/usr/include/glib-2.0 -I/usr/lib/i386-linux-gnu/glib-2.0/include -I/usr/include/harfbuzz -I/usr/include/freetype2 -I/usr/include/pixman-1 -I/usr/include/libpng12 -I/usr/include/libdbusmenu-glib-0.4 -I/usr/include/libdbusmenu-gtk3-0.4 -I/usr/include/libido3-0.1  '
pkg_cv_INDICATOR_LIBS='-lindicator3 -ldbusmenu-gtk3 -ldbusmenu-glib -lido3-0.1 -lgtk-3 -lgdk-3 -latk-1.0 -lgio-2.0 -lpangocairo-1.0 -lgdk_pixbuf-2.0 -lcairo-gobject -lpango-1.0 -lcairo -lgobject-2.0 -lglib-2.0  '
pkg_cv_LIBMAP_CFLAGS='-pthread -I/usr/include/glib-2.0 -I/usr/lib/i386-linux-gnu/glib-2.0/include -I/usr/include/gtk-3.0 -I/usr/include/atk-1.0 -I/usr/include/at-spi2-atk/2.0 -I/usr/include/pango-1.0 -I/usr/include/gio-unix-2.0/ -I/usr/include/cairo -I/usr/include/gdk-pixbuf-2.0 -I/usr/include/harfbuzz -I/usr/include/freetype2 -I/usr/include/pixman-1 -I/usr/include/libpng12  '
pkg_cv_LIBMAP_LIBS='-lgtk-3 -lgdk-3 -latk-1.0 -lgio-2.0 -lpangocairo-1.0 -lgdk_pixbuf-2.0 -lcairo-gobject -lpango-1.0 -lcairo -lgobject-2.0 -lglib-2.0  '
pkg_cv_PREF_CFLAGS='-pthread -I/usr/include/glib-2.0 -I/usr/lib/i386-linux-gnu/glib-2.0/include -I/usr/include/gtk-3.0 -I/usr/include/atk-1.0 -I/usr/include/at-spi2-atk/2.0 -I/usr/include/pango-1.0 -I/usr/include/gio-unix-2.0/ -I/usr/include/cairo -I/usr/include/gdk-pixbuf-2.0 -I/usr/include/harfbuzz -I/usr/include/freetype2 -I/usr/include/pixman-1 -I/usr/include/libpng12 -I/usr/include/json-glib-1.0 -I/usr/include/polkit-1 -I/usr/include/timezonemap -I/usr/include/gnome-control-center-1  '
pkg_cv_PREF_LIBS='-ltimezonemap -lm -ljson-glib-1.0 -lgnome-control-center -lgtk-3 -lgdk-3 -latk-1.0 -lpangocairo-1.0 -lgdk_pixbuf-2.0 -lcairo-gobject -lpango-1.0 -lcairo -lpolkit-gobject-1 -lgio-2.0 -lgobject-2.0 -lglib-2.0  '
pkg_cv_SERVICE_CFLAGS='-pthread -I/usr/include/libindicator3-0.4 -I/usr/include/gtk-3.0 -I/usr/include/atk-1.0 -I/usr/include/at-spi2-atk/2.0 -I/usr/include/pango-1.0 -I/usr/include/gio-unix-2.0/ -I/usr/include/cairo -I/usr/include/gdk-pixbuf-2.0 -I/usr/include/glib-2.0 -I/usr/lib/i386-linux-gnu/glib-2.0/include -I/usr/include/harfbuzz -I/usr/include/freetype2 -I/usr/include/pixman-1 -I/usr/include/libpng12 -I/usr/include/libdbusmenu-glib-0.4 -I/usr/include/libdbusmenu-gtk3-0.4 -I/usr/include/libido3-0.1 -I/usr/include/dbus-1.0 -I/usr/include/libxml2 -I/usr/lib/i386-linux-gnu/dbus-1.0/include -I/usr/include/gnome-keyring-1 -I/usr/include/libsoup-2.4 -I/usr/include/nss -I/usr/include/nspr -I/usr/include/evolution-data-server-3.6  '
pkg_cv_SERVICE_LIBS='-Wl,--export-dynamic -pthread -lindicator3 -ldbusmenu-gtk3 -ldbusmenu-glib -lido3-0.1 -lgeoclue -ldbus-glib-1 -ldbus-1 -lecal-1.2 -lical -licalss -licalvcal -lpthread -ledataserverui-3.0 -lgtk-3 -lebook-1.2 -latk-1.0 -ledataserver-1.2 -lgmodule-2.0 -lcamel-1.2 -lgnome-keyring -lxml2 -lsoup-2.4 -lsqlite3 -lnss3 -lnssutil3 -lsmime3 -lssl3 -lplds4 -lplc4 -lnspr4 -lgio-2.0 -lgdk-3 -lpangocairo-1.0 -lgdk_pixbuf-2.0 -lcairo-gobject -lpango-1.0 -lcairo -lgobject-2.0 -lglib-2.0  '

## ----------------- ##
## Output variables. ##
## ----------------- ##










		$(INSTALL_DATA) $^ "$(DESTDIR)$(gsettingsschemadir)"; \
		test -n "$(GSETTINGS_DISABLE_SCHEMAS_COMPILE)$(DESTDIR)" || $(GLIB_COMPILE_SCHEMAS) $(gsettingsschemadir); \
		test -z "$(gsettingsschemadir)" || $(MKDIR_P) "$(DESTDIR)$(gsettingsschemadir)"; \
	$(AM_V_GEN) glib-mkenums --comments '\''<!-- @comment@ -->'\'' --fhead "<schemalist>" --vhead "  <@type@ id='\''$(gsettings_ENUM_NAMESPACE).@EnumName@'\''>" --vprod "    <value nick='\''@valuenick@'\'' value='\''@valuenum@'\''/>" --vtail "  </@type@>" --ftail "</schemalist>" $^ > $@.tmp && mv $@.tmp $@
	$(AM_V_GEN) if test -f "$<"; then d=; else d="$(srcdir)/"; fi; $(GLIB_COMPILE_SCHEMAS) --strict --dry-run $(addprefix --schema-file=,$(gsettings__enum_file)) --schema-file=$${d}$< && touch $@
	@$(NORMAL_INSTALL)
	@$(NORMAL_UNINSTALL)
	@list='\''$(gsettings_SCHEMAS) $(gsettings__enum_file)'\''; test -n "$(gsettingsschemadir)" || list=; \
	cd "$(DESTDIR)$(gsettingsschemadir)" && rm -f $$files
	echo " ( cd '\''$(DESTDIR)$(gsettingsschemadir)'\'' && rm -f" $$files ")"; \
	fi
	files=`for p in $$list; do echo $$p; done | sed -e '\''s|^.*/||'\''`; \
	if test -n "$^"; then \
	rm -f $(gsettings_SCHEMAS:.xml=.valid) $(gsettings__enum_file)
	test -n "$$files" || exit 0; \
	test -n "$(GSETTINGS_DISABLE_SCHEMAS_COMPILE)$(DESTDIR)" || $(GLIB_COMPILE_SCHEMAS) $(gsettingsschemadir)
$(gsettings__enum_file): $(gsettings_ENUM_FILES)
%.gschema.valid: %.gschema.xml $(gsettings__enum_file)
.PHONY : uninstall-gsettings-schemas install-gsettings-schemas clean-gsettings-schemas
.SECONDARY: $(gsettings_SCHEMAS)
ACLOCAL='${SHELL} /home/stone/Ukylin/indicator-datetime-12.10.2/build-aux/missing --run aclocal-1.11'
ALL_LINGUAS=''
AMDEPBACKSLASH='\'
AMDEP_FALSE='#'
AMDEP_TRUE=''
AMTAR='$${TAR-tar}'
AM_BACKSLASH='\'
AM_DEFAULT_V='$(AM_DEFAULT_VERBOSITY)'
AM_DEFAULT_VERBOSITY='0'
AM_V='$(V)'
AR='ar'
AUTOCONF='${SHELL} /home/stone/Ukylin/indicator-datetime-12.10.2/build-aux/missing --run autoconf'
AUTOHEADER='${SHELL} /home/stone/Ukylin/indicator-datetime-12.10.2/build-aux/missing --run autoheader'
AUTOMAKE='${SHELL} /home/stone/Ukylin/indicator-datetime-12.10.2/build-aux/missing --run automake-1.11'
AWK='mawk'
BUILD_CCPANEL_FALSE='#'
BUILD_CCPANEL_TRUE=''
CATALOGS=''
CATOBJEXT='.gmo'
CC='gcc'
CCDEPMODE='depmode=gcc3'
CCPANELDIR='/usr/lib/control-center-1/panels'
CFLAGS='-g -O2'
COVERAGE_CFLAGS=''
COVERAGE_LDFLAGS=''
CPP='gcc -E'
CPPFLAGS=''
CYGPATH_W='echo'
DATADIRNAME='share'
DBUSSERVICEDIR='/usr/share/dbus-1/services'
DEFS='-DHAVE_CONFIG_H'
DEPDIR='.deps'
DLLTOOL='false'
DSYMUTIL=''
DUMPBIN=''
ECHO_C=''
ECHO_N='-n'
ECHO_T=''
EGREP='/bin/grep -E'
EXEEXT=''
FGREP='/bin/grep -F'
GCOVR=''
GENHTML=''
GETTEXT_PACKAGE='indicator-datetime'
GLIB_COMPILE_SCHEMAS='/usr/lib/i386-linux-gnu/glib-2.0/glib-compile-schemas'
GLIB_GENMARSHAL='/usr/bin/glib-genmarshal'
GLIB_MKENUMS='/usr/bin/glib-mkenums'
GMOFILES=''
GMSGFMT='/usr/bin/msgfmt'
GNOMELOCALEDIR='/usr/local/share/locale'
GREP='/bin/grep'
GSETTINGS_DISABLE_SCHEMAS_COMPILE=''
GSETTINGS_RULES='
HAVE_GCOVR_FALSE=''
HAVE_GCOVR_TRUE='#'
HAVE_GCOV_FALSE=''
HAVE_GCOV_TRUE='#'
HAVE_LCOV_FALSE=''
HAVE_LCOV_TRUE='#'
INDICATORDIR='/usr/lib/indicators3/7/'
INDICATORICONSDIR='/usr/share/libindicator/icons/'
INDICATOR_CFLAGS='-pthread -I/usr/include/libindicator3-0.4 -I/usr/include/gtk-3.0 -I/usr/include/atk-1.0 -I/usr/include/at-spi2-atk/2.0 -I/usr/include/pango-1.0 -I/usr/include/gio-unix-2.0/ -I/usr/include/cairo -I/usr/include/gdk-pixbuf-2.0 -I/usr/include/glib-2.0 -I/usr/lib/i386-linux-gnu/glib-2.0/include -I/usr/include/harfbuzz -I/usr/include/freetype2 -I/usr/include/pixman-1 -I/usr/include/libpng12 -I/usr/include/libdbusmenu-glib-0.4 -I/usr/include/libdbusmenu-gtk3-0.4 -I/usr/include/libido3-0.1  '
INDICATOR_LIBS='-lindicator3 -ldbusmenu-gtk3 -ldbusmenu-glib -lido3-0.1 -lgtk-3 -lgdk-3 -latk-1.0 -lgio-2.0 -lpangocairo-1.0 -lgdk_pixbuf-2.0 -lcairo-gobject -lpango-1.0 -lcairo -lgobject-2.0 -lglib-2.0  '
INSTALL_DATA='${INSTALL} -m 644'
INSTALL_PROGRAM='${INSTALL}'
INSTALL_SCRIPT='${INSTALL}'
INSTALL_STRIP_PROGRAM='$(install_sh) -c -s'
INSTOBJEXT='.mo'
INTLLIBS=''
INTLTOOL_CAVES_RULE='%.caves:     %.caves.in     $(INTLTOOL_MERGE) $(wildcard $(top_srcdir)/po/*.po) ; $(INTLTOOL_V_MERGE)LC_ALL=C $(INTLTOOL_MERGE) $(INTLTOOL_V_MERGE_OPTIONS) -d -u -c $(top_builddir)/po/.intltool-merge-cache $(top_srcdir)/po $< $@'
INTLTOOL_DESKTOP_RULE='%.desktop:   %.desktop.in   $(INTLTOOL_MERGE) $(wildcard $(top_srcdir)/po/*.po) ; $(INTLTOOL_V_MERGE)LC_ALL=C $(INTLTOOL_MERGE) $(INTLTOOL_V_MERGE_OPTIONS) -d -u -c $(top_builddir)/po/.intltool-merge-cache $(top_srcdir)/po $< $@'
INTLTOOL_DIRECTORY_RULE='%.directory: %.directory.in $(INTLTOOL_MERGE) $(wildcard $(top_srcdir)/po/*.po) ; $(INTLTOOL_V_MERGE)LC_ALL=C $(INTLTOOL_MERGE) $(INTLTOOL_V_MERGE_OPTIONS) -d -u -c $(top_builddir)/po/.intltool-merge-cache $(top_srcdir)/po $< $@'
INTLTOOL_EXTRACT='/usr/bin/intltool-extract'
INTLTOOL_KBD_RULE='%.kbd:       %.kbd.in       $(INTLTOOL_MERGE) $(wildcard $(top_srcdir)/po/*.po) ; $(INTLTOOL_V_MERGE)LC_ALL=C $(INTLTOOL_MERGE) $(INTLTOOL_V_MERGE_OPTIONS) -x -u -m -c $(top_builddir)/po/.intltool-merge-cache $(top_srcdir)/po $< $@'
INTLTOOL_KEYS_RULE='%.keys:      %.keys.in      $(INTLTOOL_MERGE) $(wildcard $(top_srcdir)/po/*.po) ; $(INTLTOOL_V_MERGE)LC_ALL=C $(INTLTOOL_MERGE) $(INTLTOOL_V_MERGE_OPTIONS) -k -u -c $(top_builddir)/po/.intltool-merge-cache $(top_srcdir)/po $< $@'
INTLTOOL_MERGE='/usr/bin/intltool-merge'
INTLTOOL_OAF_RULE='%.oaf:       %.oaf.in       $(INTLTOOL_MERGE) $(wildcard $(top_srcdir)/po/*.po) ; $(INTLTOOL_V_MERGE)LC_ALL=C $(INTLTOOL_MERGE) $(INTLTOOL_V_MERGE_OPTIONS) -o -p $(top_srcdir)/po $< $@'
INTLTOOL_PERL='/usr/bin/perl'
INTLTOOL_POLICY_RULE='%.policy:    %.policy.in    $(INTLTOOL_MERGE) $(wildcard $(top_srcdir)/po/*.po) ; $(INTLTOOL_V_MERGE)LC_ALL=C $(INTLTOOL_MERGE) $(INTLTOOL_V_MERGE_OPTIONS) -x -u -c $(top_builddir)/po/.intltool-merge-cache $(top_srcdir)/po $< $@'
INTLTOOL_PONG_RULE='%.pong:      %.pong.in      $(INTLTOOL_MERGE) $(wildcard $(top_srcdir)/po/*.po) ; $(INTLTOOL_V_MERGE)LC_ALL=C $(INTLTOOL_MERGE) $(INTLTOOL_V_MERGE_OPTIONS) -x -u -c $(top_builddir)/po/.intltool-merge-cache $(top_srcdir)/po $< $@'
INTLTOOL_PROP_RULE='%.prop:      %.prop.in      $(INTLTOOL_MERGE) $(wildcard $(top_srcdir)/po/*.po) ; $(INTLTOOL_V_MERGE)LC_ALL=C $(INTLTOOL_MERGE) $(INTLTOOL_V_MERGE_OPTIONS) -d -u -c $(top_builddir)/po/.intltool-merge-cache $(top_srcdir)/po $< $@'
INTLTOOL_SCHEMAS_RULE='%.schemas:   %.schemas.in   $(INTLTOOL_MERGE) $(wildcard $(top_srcdir)/po/*.po) ; $(INTLTOOL_V_MERGE)LC_ALL=C $(INTLTOOL_MERGE) $(INTLTOOL_V_MERGE_OPTIONS) -s -u -c $(top_builddir)/po/.intltool-merge-cache $(top_srcdir)/po $< $@'
INTLTOOL_SERVER_RULE='%.server:    %.server.in    $(INTLTOOL_MERGE) $(wildcard $(top_srcdir)/po/*.po) ; $(INTLTOOL_V_MERGE)LC_ALL=C $(INTLTOOL_MERGE) $(INTLTOOL_V_MERGE_OPTIONS) -o -u -c $(top_builddir)/po/.intltool-merge-cache $(top_srcdir)/po $< $@'
INTLTOOL_SERVICE_RULE='%.service: %.service.in   $(INTLTOOL_MERGE) $(wildcard $(top_srcdir)/po/*.po) ; $(INTLTOOL_V_MERGE)LC_ALL=C $(INTLTOOL_MERGE) $(INTLTOOL_V_MERGE_OPTIONS) -d -u -c $(top_builddir)/po/.intltool-merge-cache $(top_srcdir)/po $< $@'
INTLTOOL_SHEET_RULE='%.sheet:     %.sheet.in     $(INTLTOOL_MERGE) $(wildcard $(top_srcdir)/po/*.po) ; $(INTLTOOL_V_MERGE)LC_ALL=C $(INTLTOOL_MERGE) $(INTLTOOL_V_MERGE_OPTIONS) -x -u -c $(top_builddir)/po/.intltool-merge-cache $(top_srcdir)/po $< $@'
INTLTOOL_SOUNDLIST_RULE='%.soundlist: %.soundlist.in $(INTLTOOL_MERGE) $(wildcard $(top_srcdir)/po/*.po) ; $(INTLTOOL_V_MERGE)LC_ALL=C $(INTLTOOL_MERGE) $(INTLTOOL_V_MERGE_OPTIONS) -d -u -c $(top_builddir)/po/.intltool-merge-cache $(top_srcdir)/po $< $@'
INTLTOOL_THEME_RULE='%.theme:     %.theme.in     $(INTLTOOL_MERGE) $(wildcard $(top_srcdir)/po/*.po) ; $(INTLTOOL_V_MERGE)LC_ALL=C $(INTLTOOL_MERGE) $(INTLTOOL_V_MERGE_OPTIONS) -d -u -c $(top_builddir)/po/.intltool-merge-cache $(top_srcdir)/po $< $@'
INTLTOOL_UI_RULE='%.ui:        %.ui.in        $(INTLTOOL_MERGE) $(wildcard $(top_srcdir)/po/*.po) ; $(INTLTOOL_V_MERGE)LC_ALL=C $(INTLTOOL_MERGE) $(INTLTOOL_V_MERGE_OPTIONS) -x -u -c $(top_builddir)/po/.intltool-merge-cache $(top_srcdir)/po $< $@'
INTLTOOL_UPDATE='/usr/bin/intltool-update'
INTLTOOL_V_MERGE='$(INTLTOOL__v_MERGE_$(V))'
INTLTOOL_V_MERGE_OPTIONS='$(intltool__v_merge_options_$(V))'
INTLTOOL_XAM_RULE='%.xam:       %.xml.in       $(INTLTOOL_MERGE) $(wildcard $(top_srcdir)/po/*.po) ; $(INTLTOOL_V_MERGE)LC_ALL=C $(INTLTOOL_MERGE) $(INTLTOOL_V_MERGE_OPTIONS) -x -u -c $(top_builddir)/po/.intltool-merge-cache $(top_srcdir)/po $< $@'
INTLTOOL_XML_NOMERGE_RULE='%.xml:       %.xml.in       $(INTLTOOL_MERGE) ; $(INTLTOOL_V_MERGE)LC_ALL=C $(INTLTOOL_MERGE) $(INTLTOOL_V_MERGE_OPTIONS) -x -u --no-translations $< $@'
INTLTOOL_XML_RULE='%.xml:       %.xml.in       $(INTLTOOL_MERGE) $(wildcard $(top_srcdir)/po/*.po) ; $(INTLTOOL_V_MERGE)LC_ALL=C $(INTLTOOL_MERGE) $(INTLTOOL_V_MERGE_OPTIONS) -x -u -c $(top_builddir)/po/.intltool-merge-cache $(top_srcdir)/po $< $@'
INTLTOOL__v_MERGE_0='@echo "  ITMRG " $@;'
INTLTOOL__v_MERGE_='$(INTLTOOL__v_MERGE_$(AM_DEFAULT_VERBOSITY))'
LCOV=''
LD='/usr/bin/ld'
LDFLAGS=''
LIBMAP_CFLAGS='-pthread -I/usr/include/glib-2.0 -I/usr/lib/i386-linux-gnu/glib-2.0/include -I/usr/include/gtk-3.0 -I/usr/include/atk-1.0 -I/usr/include/at-spi2-atk/2.0 -I/usr/include/pango-1.0 -I/usr/include/gio-unix-2.0/ -I/usr/include/cairo -I/usr/include/gdk-pixbuf-2.0 -I/usr/include/harfbuzz -I/usr/include/freetype2 -I/usr/include/pixman-1 -I/usr/include/libpng12  '
LIBMAP_LIBS='-lgtk-3 -lgdk-3 -latk-1.0 -lgio-2.0 -lpangocairo-1.0 -lgdk_pixbuf-2.0 -lcairo-gobject -lpango-1.0 -lcairo -lgobject-2.0 -lglib-2.0  '
LIBOBJS=''
LIBS='-lm '
LIBTOOL='$(SHELL) $(top_builddir)/libtool'
LIPO=''
LN_S='ln -s'
LTLIBOBJS=''
MAINT=''
MAINTAINER_MODE_FALSE='#'
MAINTAINER_MODE_TRUE=''
MAKEINFO='${SHELL} /home/stone/Ukylin/indicator-datetime-12.10.2/build-aux/missing --run makeinfo'
MANIFEST_TOOL=':'
MKDIR_P='/bin/mkdir -p'
MKINSTALLDIRS='build-aux/mkinstalldirs'
MSGFMT='/usr/bin/msgfmt'
MSGFMT_OPTS='-c'
MSGMERGE='/usr/bin/msgmerge'
NM='/usr/bin/nm -B'
NMEDIT=''
OBJDUMP='objdump'
OBJEXT='o'
OTOOL64=''
OTOOL=''
PACKAGE='indicator-datetime'
PACKAGE_BUGREPORT='http://bugs.launchpad.net/indicator-datetime'
PACKAGE_NAME='indicator-datetime'
PACKAGE_STRING='indicator-datetime 12.10.2'
PACKAGE_TARNAME='indicator-datetime'
PACKAGE_URL='http://launchpad.net/indicator-datetime'
PACKAGE_VERSION='12.10.2'
PATH_SEPARATOR=':'
PKG_CONFIG='/usr/bin/pkg-config'
PKG_CONFIG_LIBDIR=''
PKG_CONFIG_PATH=''
POFILES=''
POSUB='po'
PO_IN_DATADIR_FALSE=''
PO_IN_DATADIR_TRUE=''
PREF_CFLAGS='-pthread -I/usr/include/glib-2.0 -I/usr/lib/i386-linux-gnu/glib-2.0/include -I/usr/include/gtk-3.0 -I/usr/include/atk-1.0 -I/usr/include/at-spi2-atk/2.0 -I/usr/include/pango-1.0 -I/usr/include/gio-unix-2.0/ -I/usr/include/cairo -I/usr/include/gdk-pixbuf-2.0 -I/usr/include/harfbuzz -I/usr/include/freetype2 -I/usr/include/pixman-1 -I/usr/include/libpng12 -I/usr/include/json-glib-1.0 -I/usr/include/polkit-1 -I/usr/include/timezonemap -I/usr/include/gnome-control-center-1  '
PREF_LIBS='-ltimezonemap -lm -ljson-glib-1.0 -lgnome-control-center -lgtk-3 -lgdk-3 -latk-1.0 -lpangocairo-1.0 -lgdk_pixbuf-2.0 -lcairo-gobject -lpango-1.0 -lcairo -lpolkit-gobject-1 -lgio-2.0 -lgobject-2.0 -lglib-2.0  '
RANLIB='ranlib'
SED='/bin/sed'
SERVICE_CFLAGS='-pthread -I/usr/include/libindicator3-0.4 -I/usr/include/gtk-3.0 -I/usr/include/atk-1.0 -I/usr/include/at-spi2-atk/2.0 -I/usr/include/pango-1.0 -I/usr/include/gio-unix-2.0/ -I/usr/include/cairo -I/usr/include/gdk-pixbuf-2.0 -I/usr/include/glib-2.0 -I/usr/lib/i386-linux-gnu/glib-2.0/include -I/usr/include/harfbuzz -I/usr/include/freetype2 -I/usr/include/pixman-1 -I/usr/include/libpng12 -I/usr/include/libdbusmenu-glib-0.4 -I/usr/include/libdbusmenu-gtk3-0.4 -I/usr/include/libido3-0.1 -I/usr/include/dbus-1.0 -I/usr/include/libxml2 -I/usr/lib/i386-linux-gnu/dbus-1.0/include -I/usr/include/gnome-keyring-1 -I/usr/include/libsoup-2.4 -I/usr/include/nss -I/usr/include/nspr -I/usr/include/evolution-data-server-3.6  '
SERVICE_LIBS='-Wl,--export-dynamic -pthread -lindicator3 -ldbusmenu-gtk3 -ldbusmenu-glib -lido3-0.1 -lgeoclue -ldbus-glib-1 -ldbus-1 -lecal-1.2 -lical -licalss -licalvcal -lpthread -ledataserverui-3.0 -lgtk-3 -lebook-1.2 -latk-1.0 -ledataserver-1.2 -lgmodule-2.0 -lcamel-1.2 -lgnome-keyring -lxml2 -lsoup-2.4 -lsqlite3 -lnss3 -lnssutil3 -lsmime3 -lssl3 -lplds4 -lplc4 -lnspr4 -lgio-2.0 -lgdk-3 -lpangocairo-1.0 -lgdk_pixbuf-2.0 -lcairo-gobject -lpango-1.0 -lcairo -lgobject-2.0 -lglib-2.0  '
SET_MAKE=''
SHELL='/bin/bash'
SHTOOL=''
STRIP='strip'
USE_NLS='yes'
VERSION='12.10.2'
XGETTEXT='/usr/bin/xgettext'
ac_ct_AR='ar'
ac_ct_CC='gcc'
ac_ct_DUMPBIN=''
all-am: $(gsettings_SCHEMAS:.xml=.valid)
am__EXEEXT_FALSE=''
am__EXEEXT_TRUE='#'
am__fastdepCC_FALSE='#'
am__fastdepCC_TRUE=''
am__include='include'
am__isrc=''
am__leading_dot='.'
am__nodep='_no'
am__quote=''
am__tar='$${TAR-tar} chof - "$$tardir"'
am__untar='$${TAR-tar} xf -'
bindir='${exec_prefix}/bin'
build='i686-pc-linux-gnu'
build_alias=''
build_cpu='i686'
build_os='linux-gnu'
build_vendor='pc'
clean-gsettings-schemas:
datadir='${datarootdir}'
datarootdir='${prefix}/share'
docdir='${datarootdir}/doc/${PACKAGE_TARNAME}'
dvidir='${docdir}'
endif'
exec_prefix='${prefix}'
gsettings__enum_file = $(addsuffix .enums.xml,$(gsettings_ENUM_NAMESPACE))
gsettingsschemadir='${datarootdir}/glib-2.0/schemas'
host='i686-pc-linux-gnu'
host_alias=''
host_cpu='i686'
host_os='linux-gnu'
host_vendor='pc'
htmldir='${docdir}'
ifdef gsettings_ENUM_NAMESPACE
includedir='${prefix}/include'
infodir='${datarootdir}/info'
install-data-am: install-gsettings-schemas
install-gsettings-schemas: $(gsettings_SCHEMAS) $(gsettings__enum_file)
install_sh='${SHELL} /home/stone/Ukylin/indicator-datetime-12.10.2/build-aux/install-sh'
intltool__v_merge_options_0='-q'
intltool__v_merge_options_='$(intltool__v_merge_options_$(AM_DEFAULT_VERBOSITY))'
libdir='${exec_prefix}/lib'
libexecdir='${exec_prefix}/libexec'
localedir='${datarootdir}/locale'
localstatedir='${prefix}/var'
mandir='${datarootdir}/man'
mkdir_p='/bin/mkdir -p'
mostlyclean-am: clean-gsettings-schemas
oldincludedir='/usr/include'
pdfdir='${docdir}'
prefix='/usr/local'
program_transform_name='s,x,x,'
psdir='${docdir}'
sbindir='${exec_prefix}/sbin'
sharedstatedir='${prefix}/com'
sysconfdir='${prefix}/etc'
target_alias=''
uninstall-am: uninstall-gsettings-schemas
uninstall-gsettings-schemas:

## ----------- ##
## confdefs.h. ##
## ----------- ##

/* confdefs.h */
#define PACKAGE_NAME "indicator-datetime"
#define PACKAGE_TARNAME "indicator-datetime"
#define PACKAGE_VERSION "12.10.2"
#define PACKAGE_STRING "indicator-datetime 12.10.2"
#define PACKAGE_BUGREPORT "http://bugs.launchpad.net/indicator-datetime"
#define PACKAGE_URL "http://launchpad.net/indicator-datetime"
#define PACKAGE "indicator-datetime"
#define VERSION "12.10.2"
#define STDC_HEADERS 1
#define HAVE_SYS_TYPES_H 1
#define HAVE_SYS_STAT_H 1
#define HAVE_STDLIB_H 1
#define HAVE_STRING_H 1
#define HAVE_MEMORY_H 1
#define HAVE_STRINGS_H 1
#define HAVE_INTTYPES_H 1
#define HAVE_STDINT_H 1
#define HAVE_UNISTD_H 1
#define HAVE_DLFCN_H 1
#define LT_OBJDIR ".libs/"
#define HAVE_LIBM 1
#define HAVE_CCPANEL 1
#define GETTEXT_PACKAGE "indicator-datetime"
#define GNOMELOCALEDIR "/usr/local/share/locale"
#define HAVE_LOCALE_H 1
#define HAVE_LC_MESSAGES 1
#define HAVE_BIND_TEXTDOMAIN_CODESET 1
#define HAVE_GETTEXT 1
#define HAVE_DCGETTEXT 1
#define ENABLE_NLS 1

configure: exit 0
