This file contains any messages produced by compilers while
running configure, to aid debugging if configure makes a mistake.

It was created by libappindicator configure 12.10.0, which was
generated by GNU Autoconf 2.69.  Invocation command line was

  $ ./configure --no-create --no-recursion

## --------- ##
## Platform. ##
## --------- ##

hostname = stone-ThinkPad-X230
uname -m = i686
uname -r = 3.8.0-35-generic
uname -s = Linux
uname -v = #50-Ubuntu SMP Tue Dec 3 01:25:33 UTC 2013

/usr/bin/uname -p = unknown
/bin/uname -X     = unknown

/bin/arch              = unknown
/usr/bin/arch -k       = unknown
/usr/convex/getsysinfo = unknown
/usr/bin/hostinfo      = unknown
/bin/machine           = unknown
/usr/bin/oslevel       = unknown
/bin/universe          = unknown

PATH: /usr/lib/lightdm/lightdm
PATH: /usr/local/sbin
PATH: /usr/local/bin
PATH: /usr/sbin
PATH: /usr/bin
PATH: /sbin
PATH: /bin
PATH:  /usr/games
PATH: /usr/local/arm/4.4.3/bin
PATH: /usr/local/arm/4.4.3/bin
PATH: /home/stone/go/bin/
PATH: /home/stone/go/pkg/tool/


## ----------- ##
## Core tests. ##
## ----------- ##

configure:2414: checking for a BSD-compatible install
configure:2482: result: /usr/bin/install -c
configure:2493: checking whether build environment is sane
configure:2543: result: yes
configure:2684: checking for a thread-safe mkdir -p
configure:2723: result: /bin/mkdir -p
configure:2736: checking for gawk
configure:2752: found /usr/bin/gawk
configure:2763: result: gawk
configure:2774: checking whether make sets $(MAKE)
configure:2796: result: yes
configure:2871: checking how to create a pax tar archive
configure:2884: tar --version
tar (GNU tar) 1.26
Copyright (C) 2011 Free Software Foundation, Inc.
License GPLv3+: GNU GPL version 3 or later <http://gnu.org/licenses/gpl.html>.
This is free software: you are free to change and redistribute it.
There is NO WARRANTY, to the extent permitted by law.

Written by John Gilmore and Jay Fenlason.
configure:2887: $? = 0
configure:2927: tardir=conftest.dir && eval tar --format=posix -chf - "$tardir" >conftest.tar
configure:2930: $? = 0
configure:2934: tar -xf - <conftest.tar
configure:2937: $? = 0
configure:2950: result: gnutar
configure:2959: checking whether to enable maintainer-specific portions of Makefiles
configure:2968: result: yes
configure:2993: checking whether make supports nested variables
configure:3010: result: yes
configure:3071: checking for gcc
configure:3087: found /usr/bin/gcc
configure:3098: result: gcc
configure:3327: checking for C compiler version
configure:3336: gcc --version >&5
gcc (Ubuntu/Linaro 4.7.3-1ubuntu1) 4.7.3
Copyright (C) 2012 Free Software Foundation, Inc.
This is free software; see the source for copying conditions.  There is NO
warranty; not even for MERCHANTABILITY or FITNESS FOR A PARTICULAR PURPOSE.

configure:3347: $? = 0
configure:3336: gcc -v >&5
Using built-in specs.
COLLECT_GCC=gcc
COLLECT_LTO_WRAPPER=/usr/lib/gcc/i686-linux-gnu/4.7/lto-wrapper
Target: i686-linux-gnu
Configured with: ../src/configure -v --with-pkgversion='Ubuntu/Linaro 4.7.3-1ubuntu1' --with-bugurl=file:///usr/share/doc/gcc-4.7/README.Bugs --enable-languages=c,c++,go,fortran,objc,obj-c++ --prefix=/usr --program-suffix=-4.7 --enable-shared --enable-linker-build-id --libexecdir=/usr/lib --without-included-gettext --enable-threads=posix --with-gxx-include-dir=/usr/include/c++/4.7 --libdir=/usr/lib --enable-nls --with-sysroot=/ --enable-clocale=gnu --enable-libstdcxx-debug --enable-libstdcxx-time=yes --enable-gnu-unique-object --enable-plugin --with-system-zlib --enable-objc-gc --enable-targets=all --with-cloog --enable-cloog-backend=ppl --disable-cloog-version-check --disable-ppl-version-check --enable-multiarch --disable-werror --with-arch-32=i686 --with-multilib-list=m32,m64,mx32 --with-tune=generic --enable-checking=release --build=i686-linux-gnu --host=i686-linux-gnu --target=i686-linux-gnu
Thread model: posix
gcc version 4.7.3 (Ubuntu/Linaro 4.7.3-1ubuntu1) 
configure:3347: $? = 0
configure:3336: gcc -V >&5
gcc: error: unrecognized command line option '-V'
gcc: fatal error: no input files
compilation terminated.
configure:3347: $? = 4
configure:3336: gcc -qversion >&5
gcc: error: unrecognized command line option '-qversion'
gcc: fatal error: no input files
compilation terminated.
configure:3347: $? = 4
configure:3367: checking whether the C compiler works
configure:3389: gcc    conftest.c  >&5
configure:3393: $? = 0
configure:3441: result: yes
configure:3444: checking for C compiler default output file name
configure:3446: result: a.out
configure:3452: checking for suffix of executables
configure:3459: gcc -o conftest    conftest.c  >&5
configure:3463: $? = 0
configure:3485: result: 
configure:3507: checking whether we are cross compiling
configure:3515: gcc -o conftest    conftest.c  >&5
configure:3519: $? = 0
configure:3526: ./conftest
configure:3530: $? = 0
configure:3545: result: no
configure:3550: checking for suffix of object files
configure:3572: gcc -c   conftest.c >&5
configure:3576: $? = 0
configure:3597: result: o
configure:3601: checking whether we are using the GNU C compiler
configure:3620: gcc -c   conftest.c >&5
configure:3620: $? = 0
configure:3629: result: yes
configure:3638: checking whether gcc accepts -g
configure:3658: gcc -c -g  conftest.c >&5
configure:3658: $? = 0
configure:3699: result: yes
configure:3716: checking for gcc option to accept ISO C89
configure:3779: gcc  -c -g -O2  conftest.c >&5
configure:3779: $? = 0
configure:3792: result: none needed
configure:3823: checking for style of include used by make
configure:3851: result: GNU
configure:3877: checking dependency style of gcc
configure:3988: result: gcc3
configure:4004: checking whether gcc and cc understand -c and -o together
configure:4035: gcc -c conftest.c -o conftest2.o >&5
configure:4039: $? = 0
configure:4045: gcc -c conftest.c -o conftest2.o >&5
configure:4049: $? = 0
configure:4060: cc -c conftest.c >&5
configure:4064: $? = 0
configure:4072: cc -c conftest.c -o conftest2.o >&5
configure:4076: $? = 0
configure:4082: cc -c conftest.c -o conftest2.o >&5
configure:4086: $? = 0
configure:4104: result: yes
configure:4161: checking build system type
configure:4175: result: i686-pc-linux-gnu
configure:4195: checking host system type
configure:4208: result: i686-pc-linux-gnu
configure:4249: checking how to print strings
configure:4276: result: printf
configure:4297: checking for a sed that does not truncate output
configure:4361: result: /bin/sed
configure:4379: checking for grep that handles long lines and -e
configure:4437: result: /bin/grep
configure:4442: checking for egrep
configure:4504: result: /bin/grep -E
configure:4509: checking for fgrep
configure:4571: result: /bin/grep -F
configure:4606: checking for ld used by gcc
configure:4673: result: /usr/bin/ld
configure:4680: checking if the linker (/usr/bin/ld) is GNU ld
configure:4695: result: yes
configure:4707: checking for BSD- or MS-compatible name lister (nm)
configure:4756: result: /usr/bin/nm -B
configure:4886: checking the name lister (/usr/bin/nm -B) interface
configure:4893: gcc -c -g -O2  conftest.c >&5
configure:4896: /usr/bin/nm -B "conftest.o"
configure:4899: output
00000000 B some_variable
configure:4906: result: BSD nm
configure:4909: checking whether ln -s works
configure:4913: result: yes
configure:4921: checking the maximum length of command line arguments
configure:5051: result: 805306365
configure:5068: checking whether the shell understands some XSI constructs
configure:5078: result: yes
configure:5082: checking whether the shell understands "+="
configure:5088: result: yes
configure:5123: checking how to convert i686-pc-linux-gnu file names to i686-pc-linux-gnu format
configure:5163: result: func_convert_file_noop
configure:5170: checking how to convert i686-pc-linux-gnu file names to toolchain format
configure:5190: result: func_convert_file_noop
configure:5197: checking for /usr/bin/ld option to reload object files
configure:5204: result: -r
configure:5278: checking for objdump
configure:5294: found /usr/bin/objdump
configure:5305: result: objdump
configure:5337: checking how to recognize dependent libraries
configure:5539: result: pass_all
configure:5624: checking for dlltool
configure:5654: result: no
configure:5684: checking how to associate runtime and link libraries
configure:5711: result: printf %s\n
configure:5772: checking for ar
configure:5788: found /usr/bin/ar
configure:5799: result: ar
configure:5836: checking for archiver @FILE support
configure:5853: gcc -c -g -O2  conftest.c >&5
configure:5853: $? = 0
configure:5856: ar cru libconftest.a @conftest.lst >&5
configure:5859: $? = 0
configure:5864: ar cru libconftest.a @conftest.lst >&5
ar: conftest.o: No such file or directory
configure:5867: $? = 1
configure:5879: result: @
configure:5937: checking for strip
configure:5953: found /usr/bin/strip
configure:5964: result: strip
configure:6036: checking for ranlib
configure:6052: found /usr/bin/ranlib
configure:6063: result: ranlib
configure:6165: checking command to parse /usr/bin/nm -B output from gcc object
configure:6285: gcc -c -g -O2  conftest.c >&5
configure:6288: $? = 0
configure:6292: /usr/bin/nm -B conftest.o \| sed -n -e 's/^.*[ ]\([ABCDGIRSTW][ABCDGIRSTW]*\)[ ][ ]*\([_A-Za-z][_A-Za-z0-9]*\)$/\1 \2 \2/p' | sed '/ __gnu_lto/d' \> conftest.nm
configure:6295: $? = 0
configure:6361: gcc -o conftest -g -O2   conftest.c conftstm.o >&5
configure:6364: $? = 0
configure:6402: result: ok
configure:6439: checking for sysroot
configure:6469: result: no
configure:6725: checking for mt
configure:6741: found /bin/mt
configure:6752: result: mt
configure:6775: checking if mt is a manifest tool
configure:6781: mt '-?'
configure:6789: result: no
configure:7431: checking how to run the C preprocessor
configure:7462: gcc -E  conftest.c
configure:7462: $? = 0
configure:7476: gcc -E  conftest.c
conftest.c:11:28: fatal error: ac_nonexistent.h: No such file or directory
compilation terminated.
configure:7476: $? = 1
configure: failed program was:
| /* confdefs.h */
| #define PACKAGE_NAME "libappindicator"
| #define PACKAGE_TARNAME "libappindicator"
| #define PACKAGE_VERSION "12.10.0"
| #define PACKAGE_STRING "libappindicator 12.10.0"
| #define PACKAGE_BUGREPORT "http://bugs.launchpad.net/libappindicator"
| #define PACKAGE_URL "http://launchpad.net/libappindicator"
| #define PACKAGE "libappindicator"
| #define VERSION "12.10.0"
| /* end confdefs.h.  */
| #include <ac_nonexistent.h>
configure:7501: result: gcc -E
configure:7521: gcc -E  conftest.c
configure:7521: $? = 0
configure:7535: gcc -E  conftest.c
conftest.c:11:28: fatal error: ac_nonexistent.h: No such file or directory
compilation terminated.
configure:7535: $? = 1
configure: failed program was:
| /* confdefs.h */
| #define PACKAGE_NAME "libappindicator"
| #define PACKAGE_TARNAME "libappindicator"
| #define PACKAGE_VERSION "12.10.0"
| #define PACKAGE_STRING "libappindicator 12.10.0"
| #define PACKAGE_BUGREPORT "http://bugs.launchpad.net/libappindicator"
| #define PACKAGE_URL "http://launchpad.net/libappindicator"
| #define PACKAGE "libappindicator"
| #define VERSION "12.10.0"
| /* end confdefs.h.  */
| #include <ac_nonexistent.h>
configure:7564: checking for ANSI C header files
configure:7584: gcc -c -g -O2  conftest.c >&5
configure:7584: $? = 0
configure:7657: gcc -o conftest -g -O2   conftest.c  >&5
configure:7657: $? = 0
configure:7657: ./conftest
configure:7657: $? = 0
configure:7668: result: yes
configure:7681: checking for sys/types.h
configure:7681: gcc -c -g -O2  conftest.c >&5
configure:7681: $? = 0
configure:7681: result: yes
configure:7681: checking for sys/stat.h
configure:7681: gcc -c -g -O2  conftest.c >&5
configure:7681: $? = 0
configure:7681: result: yes
configure:7681: checking for stdlib.h
configure:7681: gcc -c -g -O2  conftest.c >&5
configure:7681: $? = 0
configure:7681: result: yes
configure:7681: checking for string.h
configure:7681: gcc -c -g -O2  conftest.c >&5
configure:7681: $? = 0
configure:7681: result: yes
configure:7681: checking for memory.h
configure:7681: gcc -c -g -O2  conftest.c >&5
configure:7681: $? = 0
configure:7681: result: yes
configure:7681: checking for strings.h
configure:7681: gcc -c -g -O2  conftest.c >&5
configure:7681: $? = 0
configure:7681: result: yes
configure:7681: checking for inttypes.h
configure:7681: gcc -c -g -O2  conftest.c >&5
configure:7681: $? = 0
configure:7681: result: yes
configure:7681: checking for stdint.h
configure:7681: gcc -c -g -O2  conftest.c >&5
configure:7681: $? = 0
configure:7681: result: yes
configure:7681: checking for unistd.h
configure:7681: gcc -c -g -O2  conftest.c >&5
configure:7681: $? = 0
configure:7681: result: yes
configure:7695: checking for dlfcn.h
configure:7695: gcc -c -g -O2  conftest.c >&5
configure:7695: $? = 0
configure:7695: result: yes
configure:7901: checking for objdir
configure:7916: result: .libs
configure:8187: checking if gcc supports -fno-rtti -fno-exceptions
configure:8205: gcc -c -g -O2  -fno-rtti -fno-exceptions conftest.c >&5
cc1: warning: command line option '-fno-rtti' is valid for C++/ObjC++ but not for C [enabled by default]
configure:8209: $? = 0
configure:8222: result: no
configure:8549: checking for gcc option to produce PIC
configure:8556: result: -fPIC -DPIC
configure:8564: checking if gcc PIC flag -fPIC -DPIC works
configure:8582: gcc -c -g -O2  -fPIC -DPIC -DPIC conftest.c >&5
configure:8586: $? = 0
configure:8599: result: yes
configure:8628: checking if gcc static flag -static works
configure:8656: result: yes
configure:8671: checking if gcc supports -c -o file.o
configure:8692: gcc -c -g -O2  -o out/conftest2.o conftest.c >&5
configure:8696: $? = 0
configure:8718: result: yes
configure:8726: checking if gcc supports -c -o file.o
configure:8773: result: yes
configure:8806: checking whether the gcc linker (/usr/bin/ld) supports shared libraries
configure:9963: result: yes
configure:10000: checking whether -lc should be explicitly linked in
configure:10008: gcc -c -g -O2  conftest.c >&5
configure:10011: $? = 0
configure:10026: gcc -shared  -fPIC -DPIC conftest.o  -v -Wl,-soname -Wl,conftest -o conftest 2\>\&1 \| /bin/grep  -lc  \>/dev/null 2\>\&1
configure:10029: $? = 0
configure:10043: result: no
configure:10203: checking dynamic linker characteristics
configure:10714: gcc -o conftest -g -O2   -Wl,-rpath -Wl,/foo conftest.c  >&5
configure:10714: $? = 0
configure:10948: result: GNU/Linux ld.so
configure:11055: checking how to hardcode library paths into programs
configure:11080: result: immediate
configure:11620: checking whether stripping libraries is possible
configure:11625: result: yes
configure:11660: checking if libtool supports shared libraries
configure:11662: result: yes
configure:11665: checking whether to build shared libraries
configure:11686: result: yes
configure:11689: checking whether to build static libraries
configure:11693: result: yes
configure:11733: checking for glib-mkenums
configure:11751: found /usr/bin/glib-mkenums
configure:11763: result: /usr/bin/glib-mkenums
configure:11773: checking for glib-genmarshal
configure:11791: found /usr/bin/glib-genmarshal
configure:11803: result: /usr/bin/glib-genmarshal
configure:11866: checking for pkg-config
configure:11884: found /usr/bin/pkg-config
configure:11896: result: /usr/bin/pkg-config
configure:11921: checking pkg-config is at least version 0.9.0
configure:11924: result: yes
configure:11942: checking for gtkdoc-check
configure:11960: found /usr/bin/gtkdoc-check
configure:11972: result: /usr/bin/gtkdoc-check
configure:11984: checking for gtkdoc-rebase
configure:12002: found /usr/bin/gtkdoc-rebase
configure:12014: result: /usr/bin/gtkdoc-rebase
configure:12028: checking for gtkdoc-mkpdf
configure:12046: found /usr/bin/gtkdoc-mkpdf
configure:12058: result: /usr/bin/gtkdoc-mkpdf
configure:12192: checking whether to build gtk-doc documentation
configure:12194: result: no
configure:12415: checking for LIBRARY
configure:12426: $PKG_CONFIG --exists --print-errors "gtk+-2.0 >= $GTK_REQUIRED_VERSION
                                     glib-2.0 >= $GLIB_REQUIRED_VERSION
                                     gio-2.0 >= $GIO_REQUIRED_VERSION
                                     indicator-0.4 >= $INDICATOR_REQUIRED_VERSION
                                     dbusmenu-gtk-0.4 >= $DBUSMENUGTK_REQUIRED_VERSION"
configure:12433: $? = 0
configure:12455: $PKG_CONFIG --exists --print-errors "gtk+-2.0 >= $GTK_REQUIRED_VERSION
                                     glib-2.0 >= $GLIB_REQUIRED_VERSION
                                     gio-2.0 >= $GIO_REQUIRED_VERSION
                                     indicator-0.4 >= $INDICATOR_REQUIRED_VERSION
                                     dbusmenu-gtk-0.4 >= $DBUSMENUGTK_REQUIRED_VERSION"
configure:12462: $? = 0
configure:12536: result: yes
configure:12559: checking for TESTDEPS
configure:12566: $PKG_CONFIG --exists --print-errors "dbus-glib-1"
configure:12569: $? = 0
configure:12583: $PKG_CONFIG --exists --print-errors "dbus-glib-1"
configure:12586: $? = 0
configure:12644: result: yes
configure:12664: checking for gobject-introspection
configure:12695: $PKG_CONFIG --exists --print-errors "gobject-introspection-1.0 >= 0.6.7"
configure:12698: $? = 0
configure:12709: result: yes
configure:12748: $PKG_CONFIG --exists --print-errors "gobject-introspection-1.0 >= 0.10"
configure:12751: $? = 0
configure:12773: checking for vapigen
configure:12791: found /usr/bin/vapigen
configure:12803: result: /usr/bin/vapigen
configure:12826: checking for valac
configure:12844: found /usr/bin/valac
configure:12856: result: /usr/bin/valac
configure:12869: checking /usr/bin/valac is at least version 0.14.0
configure:12877: result: yes
configure:12908: checking for MONO_DEPENDENCY
configure:12915: $PKG_CONFIG --exists --print-errors "mono >= $MONO_REQUIRED_VERSION"
configure:12918: $? = 0
configure:12932: $PKG_CONFIG --exists --print-errors "mono >= $MONO_REQUIRED_VERSION"
configure:12935: $? = 0
configure:12973: result: yes
configure:12988: checking for al
configure:13006: found /usr/bin/al
configure:13019: result: /usr/bin/al
configure:13036: checking for mono
configure:13054: found /usr/bin/mono
configure:13067: result: /usr/bin/mono
configure:13082: checking for gmcs
configure:13100: found /usr/bin/gmcs
configure:13113: result: /usr/bin/gmcs
configure:13132: checking for gacutil
configure:13150: found /usr/bin/gacutil
configure:13163: result: /usr/bin/gacutil
configure:13187: checking for GTK_SHARP
configure:13194: $PKG_CONFIG --exists --print-errors "gtk-sharp-2.0 >= $GTK_SHARP_REQ_VERSION"
configure:13197: $? = 0
configure:13211: $PKG_CONFIG --exists --print-errors "gtk-sharp-2.0 >= $GTK_SHARP_REQ_VERSION"
configure:13214: $? = 0
configure:13252: result: yes
configure:13259: checking for GAPI
configure:13266: $PKG_CONFIG --exists --print-errors "gapi-2.0 >= $GLIB_SHARP_REQ_VERSION"
configure:13269: $? = 0
configure:13283: $PKG_CONFIG --exists --print-errors "gapi-2.0 >= $GLIB_SHARP_REQ_VERSION"
configure:13286: $? = 0
configure:13324: result: yes
configure:13330: checking for gapi2-parser
configure:13348: found /usr/bin/gapi2-parser
configure:13361: result: /usr/bin/gapi2-parser
configure:13372: checking for gapi2-codegen
configure:13390: found /usr/bin/gapi2-codegen
configure:13403: result: /usr/bin/gapi2-codegen
configure:13414: checking for gapi2-fixup
configure:13432: found /usr/bin/gapi2-fixup
configure:13445: result: /usr/bin/gapi2-fixup
configure:13467: checking for NUNIT
configure:13474: $PKG_CONFIG --exists --print-errors "nunit >= 2.4.7"
configure:13477: $? = 0
configure:13491: $PKG_CONFIG --exists --print-errors "nunit >= 2.4.7"
configure:13494: $? = 0
configure:13674: result: yes
configure:13742: checking for a Python interpreter with version >= 2.3.5
configure:13757: python -c import sys, string # split strings by '.' and convert to numeric. Append some zeros # because we need at least 4 digits for the hex conversion. minver = map(int, string.split('2.3.5', '.')) + [0, 0, 0] minverhex = 0 for i in xrange(0, 4): minverhex = (minverhex << 8) + minver[i] sys.exit(sys.hexversion < minverhex)
configure:13760: $? = 0
configure:13766: result: python
configure:13774: checking for python
configure:13792: found /usr/bin/python
configure:13804: result: /usr/bin/python
configure:13822: checking for python version
configure:13829: result: 2.7
configure:13841: checking for python platform
configure:13848: result: linux2
configure:13855: checking for python script directory
configure:13863: result: ${prefix}/lib/python2.7/site-packages
configure:13872: checking for python extension module directory
configure:13880: result: ${exec_prefix}/lib/python2.7/site-packages
configure:13894: checking for headers required to compile python extensions
configure:13909: gcc -E  -I/usr/include/python2.7 conftest.c
configure:13909: $? = 0
configure:13910: result: found
configure:13924: checking for APPINDICATOR_PYTHON
configure:13935: $PKG_CONFIG --exists --print-errors "
					pygtk-2.0 >= $PYGTK_REQUIRED
					gtk+-2.0 >= $GTK_REQUIRED_VERSION
					pygobject-2.0 >= $PYGOBJECT_REQUIRED
                  "
configure:13942: $? = 0
configure:13964: $PKG_CONFIG --exists --print-errors "
					pygtk-2.0 >= $PYGTK_REQUIRED
					gtk+-2.0 >= $GTK_REQUIRED_VERSION
					pygobject-2.0 >= $PYGOBJECT_REQUIRED
                  "
configure:13971: $? = 0
configure:14045: result: yes
configure:14050: checking for pygtk defs
configure:14054: result: /usr/share/pygtk/2.0/defs
configure:14057: checking for pygtk codegen
configure:14061: result: /usr/bin/python /usr/share/pygobject/2.0/codegen/codegen.py
configure:14567: creating ./config.status
configure:16829:

Libappindicator Configuration:

	Prefix:        /usr/local
	GTK+ Version:  2
	Mono:          true
	Tests:         yes
	Mono tests:    yes
	gcov:	       no


## ---------------- ##
## Cache variables. ##
## ---------------- ##

ac_cv_build=i686-pc-linux-gnu
ac_cv_c_compiler_gnu=yes
ac_cv_env_APPINDICATOR_PYTHON_CFLAGS_set=
ac_cv_env_APPINDICATOR_PYTHON_CFLAGS_value=
ac_cv_env_APPINDICATOR_PYTHON_LIBS_set=
ac_cv_env_APPINDICATOR_PYTHON_LIBS_value=
ac_cv_env_CC_set=
ac_cv_env_CC_value=
ac_cv_env_CFLAGS_set=
ac_cv_env_CFLAGS_value=
ac_cv_env_CPPFLAGS_set=
ac_cv_env_CPPFLAGS_value=
ac_cv_env_CPP_set=
ac_cv_env_CPP_value=
ac_cv_env_GAPI_CFLAGS_set=
ac_cv_env_GAPI_CFLAGS_value=
ac_cv_env_GAPI_LIBS_set=
ac_cv_env_GAPI_LIBS_value=
ac_cv_env_GTKDOC_DEPS_CFLAGS_set=
ac_cv_env_GTKDOC_DEPS_CFLAGS_value=
ac_cv_env_GTKDOC_DEPS_LIBS_set=
ac_cv_env_GTKDOC_DEPS_LIBS_value=
ac_cv_env_GTK_SHARP_CFLAGS_set=
ac_cv_env_GTK_SHARP_CFLAGS_value=
ac_cv_env_GTK_SHARP_LIBS_set=
ac_cv_env_GTK_SHARP_LIBS_value=
ac_cv_env_LDFLAGS_set=
ac_cv_env_LDFLAGS_value=
ac_cv_env_LIBRARY_CFLAGS_set=
ac_cv_env_LIBRARY_CFLAGS_value=
ac_cv_env_LIBRARY_LIBS_set=
ac_cv_env_LIBRARY_LIBS_value=
ac_cv_env_LIBS_set=
ac_cv_env_LIBS_value=
ac_cv_env_MONO_DEPENDENCY_CFLAGS_set=
ac_cv_env_MONO_DEPENDENCY_CFLAGS_value=
ac_cv_env_MONO_DEPENDENCY_LIBS_set=
ac_cv_env_MONO_DEPENDENCY_LIBS_value=
ac_cv_env_MONO_NUNIT_CFLAGS_set=
ac_cv_env_MONO_NUNIT_CFLAGS_value=
ac_cv_env_MONO_NUNIT_LIBS_set=
ac_cv_env_MONO_NUNIT_LIBS_value=
ac_cv_env_NUNIT_CFLAGS_set=
ac_cv_env_NUNIT_CFLAGS_value=
ac_cv_env_NUNIT_LIBS_set=
ac_cv_env_NUNIT_LIBS_value=
ac_cv_env_PKG_CONFIG_LIBDIR_set=
ac_cv_env_PKG_CONFIG_LIBDIR_value=
ac_cv_env_PKG_CONFIG_PATH_set=
ac_cv_env_PKG_CONFIG_PATH_value=
ac_cv_env_PKG_CONFIG_set=
ac_cv_env_PKG_CONFIG_value=
ac_cv_env_TESTDEPS_CFLAGS_set=
ac_cv_env_TESTDEPS_CFLAGS_value=
ac_cv_env_TESTDEPS_LIBS_set=
ac_cv_env_TESTDEPS_LIBS_value=
ac_cv_env_build_alias_set=
ac_cv_env_build_alias_value=
ac_cv_env_host_alias_set=
ac_cv_env_host_alias_value=
ac_cv_env_target_alias_set=
ac_cv_env_target_alias_value=
ac_cv_header_dlfcn_h=yes
ac_cv_header_inttypes_h=yes
ac_cv_header_memory_h=yes
ac_cv_header_stdc=yes
ac_cv_header_stdint_h=yes
ac_cv_header_stdlib_h=yes
ac_cv_header_string_h=yes
ac_cv_header_strings_h=yes
ac_cv_header_sys_stat_h=yes
ac_cv_header_sys_types_h=yes
ac_cv_header_unistd_h=yes
ac_cv_host=i686-pc-linux-gnu
ac_cv_objext=o
ac_cv_path_AL=/usr/bin/al
ac_cv_path_CSC=/usr/bin/gmcs
ac_cv_path_EGREP='/bin/grep -E'
ac_cv_path_FGREP='/bin/grep -F'
ac_cv_path_GACUTIL=/usr/bin/gacutil
ac_cv_path_GAPI_CODEGEN=/usr/bin/gapi2-codegen
ac_cv_path_GAPI_FIXUP=/usr/bin/gapi2-fixup
ac_cv_path_GAPI_PARSER=/usr/bin/gapi2-parser
ac_cv_path_GLIB_GENMARSHAL=/usr/bin/glib-genmarshal
ac_cv_path_GLIB_MKENUMS=/usr/bin/glib-mkenums
ac_cv_path_GREP=/bin/grep
ac_cv_path_GTKDOC_CHECK=/usr/bin/gtkdoc-check
ac_cv_path_GTKDOC_MKPDF=/usr/bin/gtkdoc-mkpdf
ac_cv_path_GTKDOC_REBASE=/usr/bin/gtkdoc-rebase
ac_cv_path_PYTHON=/usr/bin/python
ac_cv_path_RUNTIME=/usr/bin/mono
ac_cv_path_SED=/bin/sed
ac_cv_path_VALAC=/usr/bin/valac
ac_cv_path_VALA_API_GEN=/usr/bin/vapigen
ac_cv_path_ac_pt_PKG_CONFIG=/usr/bin/pkg-config
ac_cv_path_install='/usr/bin/install -c'
ac_cv_path_mkdir=/bin/mkdir
ac_cv_prog_AWK=gawk
ac_cv_prog_CPP='gcc -E'
ac_cv_prog_ac_ct_AR=ar
ac_cv_prog_ac_ct_CC=gcc
ac_cv_prog_ac_ct_MANIFEST_TOOL=mt
ac_cv_prog_ac_ct_OBJDUMP=objdump
ac_cv_prog_ac_ct_RANLIB=ranlib
ac_cv_prog_ac_ct_STRIP=strip
ac_cv_prog_cc_c89=
ac_cv_prog_cc_g=yes
ac_cv_prog_cc_gcc_c_o=yes
ac_cv_prog_make_make_set=yes
am_cv_CC_dependencies_compiler_type=gcc3
am_cv_make_support_nested_variables=yes
am_cv_pathless_PYTHON=python
am_cv_prog_tar_pax=gnutar
am_cv_python_platform=linux2
am_cv_python_pyexecdir='${exec_prefix}/lib/python2.7/site-packages'
am_cv_python_pythondir='${prefix}/lib/python2.7/site-packages'
am_cv_python_version=2.7
lt_cv_ar_at_file=@
lt_cv_archive_cmds_need_lc=no
lt_cv_deplibs_check_method=pass_all
lt_cv_file_magic_cmd='$MAGIC_CMD'
lt_cv_file_magic_test_file=
lt_cv_ld_reload_flag=-r
lt_cv_nm_interface='BSD nm'
lt_cv_objdir=.libs
lt_cv_path_LD=/usr/bin/ld
lt_cv_path_NM='/usr/bin/nm -B'
lt_cv_path_mainfest_tool=no
lt_cv_prog_compiler_c_o=yes
lt_cv_prog_compiler_pic='-fPIC -DPIC'
lt_cv_prog_compiler_pic_works=yes
lt_cv_prog_compiler_rtti_exceptions=no
lt_cv_prog_compiler_static_works=yes
lt_cv_prog_gnu_ld=yes
lt_cv_sharedlib_from_linklib_cmd='printf %s\n'
lt_cv_shlibpath_overrides_runpath=no
lt_cv_sys_global_symbol_pipe='sed -n -e '\''s/^.*[	 ]\([ABCDGIRSTW][ABCDGIRSTW]*\)[	 ][	 ]*\([_A-Za-z][_A-Za-z0-9]*\)$/\1 \2 \2/p'\'' | sed '\''/ __gnu_lto/d'\'''
lt_cv_sys_global_symbol_to_c_name_address='sed -n -e '\''s/^: \([^ ]*\)[ ]*$/  {\"\1\", (void *) 0},/p'\'' -e '\''s/^[ABCDGIRSTW]* \([^ ]*\) \([^ ]*\)$/  {"\2", (void *) \&\2},/p'\'''
lt_cv_sys_global_symbol_to_c_name_address_lib_prefix='sed -n -e '\''s/^: \([^ ]*\)[ ]*$/  {\"\1\", (void *) 0},/p'\'' -e '\''s/^[ABCDGIRSTW]* \([^ ]*\) \(lib[^ ]*\)$/  {"\2", (void *) \&\2},/p'\'' -e '\''s/^[ABCDGIRSTW]* \([^ ]*\) \([^ ]*\)$/  {"lib\2", (void *) \&\2},/p'\'''
lt_cv_sys_global_symbol_to_cdecl='sed -n -e '\''s/^T .* \(.*\)$/extern int \1();/p'\'' -e '\''s/^[ABCDGIRSTW]* .* \(.*\)$/extern char \1;/p'\'''
lt_cv_sys_max_cmd_len=805306365
lt_cv_to_host_file_cmd=func_convert_file_noop
lt_cv_to_tool_file_cmd=func_convert_file_noop
pkg_cv_APPINDICATOR_PYTHON_CFLAGS='-pthread -I/usr/include/gtk-2.0 -I/usr/include/glib-2.0 -I/usr/lib/i386-linux-gnu/glib-2.0/include -I/usr/lib/i386-linux-gnu/gtk-2.0/include -I/usr/include/atk-1.0 -I/usr/include/cairo -I/usr/include/gdk-pixbuf-2.0 -I/usr/include/pango-1.0 -I/usr/include/gio-unix-2.0/ -I/usr/include/pixman-1 -I/usr/include/freetype2 -I/usr/include/libpng12 -I/usr/include/harfbuzz -I/usr/include/pygtk-2.0  '
pkg_cv_APPINDICATOR_PYTHON_LIBS='-lgtk-x11-2.0 -lgdk-x11-2.0 -latk-1.0 -lgio-2.0 -lpangoft2-1.0 -lpangocairo-1.0 -lgdk_pixbuf-2.0 -lcairo -lpango-1.0 -lfreetype -lfontconfig -lgobject-2.0 -lglib-2.0  '
pkg_cv_GAPI_CFLAGS=' '
pkg_cv_GAPI_LIBS=' '
pkg_cv_GTK_SHARP_CFLAGS='-I:/usr/lib/pkgconfig/../../share/gapi-2.0/pango-api.xml -I:/usr/lib/pkgconfig/../../share/gapi-2.0/atk-api.xml -I:/usr/lib/pkgconfig/../../share/gapi-2.0/gdk-api.xml -I:/usr/lib/pkgconfig/../../share/gapi-2.0/gtk-api.xml -I:/usr/lib/pkgconfig/../../share/gapi-2.0/glib-api.xml  '
pkg_cv_GTK_SHARP_LIBS='-r:/usr/lib/pkgconfig/../../lib/cli/pango-sharp-2.0/pango-sharp.dll -r:/usr/lib/pkgconfig/../../lib/cli/atk-sharp-2.0/atk-sharp.dll -r:/usr/lib/pkgconfig/../../lib/cli/gdk-sharp-2.0/gdk-sharp.dll -r:/usr/lib/pkgconfig/../../lib/cli/gtk-sharp-2.0/gtk-sharp.dll -r:/usr/lib/pkgconfig/../../lib/cli/glib-sharp-2.0/glib-sharp.dll  '
pkg_cv_LIBRARY_CFLAGS='-pthread -I/usr/include/gtk-2.0 -I/usr/lib/i386-linux-gnu/gtk-2.0/include -I/usr/include/atk-1.0 -I/usr/include/cairo -I/usr/include/gdk-pixbuf-2.0 -I/usr/include/pango-1.0 -I/usr/include/gio-unix-2.0/ -I/usr/include/glib-2.0 -I/usr/lib/i386-linux-gnu/glib-2.0/include -I/usr/include/pixman-1 -I/usr/include/freetype2 -I/usr/include/libpng12 -I/usr/include/harfbuzz -I/usr/include/libindicator-0.4 -I/usr/include/libdbusmenu-gtk-0.4 -I/usr/include/libdbusmenu-glib-0.4  '
pkg_cv_LIBRARY_LIBS='-lindicator -ldbusmenu-gtk -ldbusmenu-glib -lgtk-x11-2.0 -lgdk-x11-2.0 -latk-1.0 -lgio-2.0 -lpangoft2-1.0 -lpangocairo-1.0 -lgdk_pixbuf-2.0 -lcairo -lpango-1.0 -lfreetype -lfontconfig -lgobject-2.0 -lglib-2.0  '
pkg_cv_MONO_DEPENDENCY_CFLAGS=' '
pkg_cv_MONO_DEPENDENCY_LIBS=' '
pkg_cv_NUNIT_CFLAGS=' '
pkg_cv_NUNIT_LIBS='-r:/usr/lib/cli/nunit.core-2.6/nunit.core.dll -r:/usr/lib/cli/nunit.util-2.6/nunit.util.dll -r:/usr/lib/cli/nunit.framework-2.6/nunit.framework.dll -r:/usr/lib/cli/nunit.core.interfaces-2.6/nunit.core.interfaces.dll  '
pkg_cv_TESTDEPS_CFLAGS='-I/usr/include/dbus-1.0 -I/usr/lib/i386-linux-gnu/dbus-1.0/include -I/usr/include/glib-2.0 -I/usr/lib/i386-linux-gnu/glib-2.0/include  '
pkg_cv_TESTDEPS_LIBS='-ldbus-glib-1 -ldbus-1 -lgobject-2.0 -lglib-2.0  '

## ----------------- ##
## Output variables. ##
## ----------------- ##

ACLOCAL='${SHELL} /home/stone/Ukylin/libappindicator-12.10.0/missing --run aclocal-1.11'
AL='/usr/bin/al'
AMDEPBACKSLASH='\'
AMDEP_FALSE='#'
AMDEP_TRUE=''
AMTAR='$${TAR-tar}'
AM_BACKSLASH='\'
AM_DEFAULT_V='$(AM_DEFAULT_VERBOSITY)'
AM_DEFAULT_VERBOSITY='0'
AM_V='$(V)'
APPINDICATOR_PYTHON_CFLAGS='-pthread -I/usr/include/gtk-2.0 -I/usr/include/glib-2.0 -I/usr/lib/i386-linux-gnu/glib-2.0/include -I/usr/lib/i386-linux-gnu/gtk-2.0/include -I/usr/include/atk-1.0 -I/usr/include/cairo -I/usr/include/gdk-pixbuf-2.0 -I/usr/include/pango-1.0 -I/usr/include/gio-unix-2.0/ -I/usr/include/pixman-1 -I/usr/include/freetype2 -I/usr/include/libpng12 -I/usr/include/harfbuzz -I/usr/include/pygtk-2.0  '
APPINDICATOR_PYTHON_LIBS='-lgtk-x11-2.0 -lgdk-x11-2.0 -latk-1.0 -lgio-2.0 -lpangoft2-1.0 -lpangocairo-1.0 -lgdk_pixbuf-2.0 -lcairo -lpango-1.0 -lfreetype -lfontconfig -lgobject-2.0 -lglib-2.0  '
AR='ar'
AUTOCONF='${SHELL} /home/stone/Ukylin/libappindicator-12.10.0/missing --run autoconf'
AUTOHEADER='${SHELL} /home/stone/Ukylin/libappindicator-12.10.0/missing --run autoheader'
AUTOMAKE='${SHELL} /home/stone/Ukylin/libappindicator-12.10.0/missing --run automake-1.11'
AWK='gawk'
BUILD_MONO_TEST_FALSE='#'
BUILD_MONO_TEST_TRUE=''
CC='gcc'
CCDEPMODE='depmode=gcc3'
CFLAGS='-g -O2'
COVERAGE_CFLAGS=''
COVERAGE_CXXFLAGS=''
COVERAGE_LDFLAGS=''
CPP='gcc -E'
CPPFLAGS=''
CSC='/usr/bin/gmcs'
CYGPATH_W='echo'
DEFS='-DHAVE_CONFIG_H'
DEPDIR='.deps'
DLLTOOL='false'
DSYMUTIL=''
DUMPBIN=''
ECHO_C=''
ECHO_N='-n'
ECHO_T=''
EGREP='/bin/grep -E'
ENABLE_GTK_DOC_FALSE=''
ENABLE_GTK_DOC_TRUE='#'
EXEEXT=''
FGREP='/bin/grep -F'
GACUTIL='/usr/bin/gacutil'
GAPI_CFLAGS=' '
GAPI_CODEGEN='/usr/bin/gapi2-codegen'
GAPI_FIXUP='/usr/bin/gapi2-fixup'
GAPI_LIBS=' '
GAPI_PARSER='/usr/bin/gapi2-parser'
GCOVR=''
GENERATED_SOURCES='generated/*.cs'
GENHTML=''
GLIB_GENMARSHAL='/usr/bin/glib-genmarshal'
GLIB_MKENUMS='/usr/bin/glib-mkenums'
GREP='/bin/grep'
GTKDOC_CHECK='/usr/bin/gtkdoc-check'
GTKDOC_DEPS_CFLAGS=''
GTKDOC_DEPS_LIBS=''
GTKDOC_MKPDF='/usr/bin/gtkdoc-mkpdf'
GTKDOC_REBASE='/usr/bin/gtkdoc-rebase'
GTK_DOC_BUILD_HTML_FALSE='#'
GTK_DOC_BUILD_HTML_TRUE=''
GTK_DOC_BUILD_PDF_FALSE=''
GTK_DOC_BUILD_PDF_TRUE='#'
GTK_DOC_USE_LIBTOOL_FALSE='#'
GTK_DOC_USE_LIBTOOL_TRUE=''
GTK_DOC_USE_REBASE_FALSE='#'
GTK_DOC_USE_REBASE_TRUE=''
GTK_SHARP_CFLAGS='-I:/usr/lib/pkgconfig/../../share/gapi-2.0/pango-api.xml -I:/usr/lib/pkgconfig/../../share/gapi-2.0/atk-api.xml -I:/usr/lib/pkgconfig/../../share/gapi-2.0/gdk-api.xml -I:/usr/lib/pkgconfig/../../share/gapi-2.0/gtk-api.xml -I:/usr/lib/pkgconfig/../../share/gapi-2.0/glib-api.xml  '
GTK_SHARP_LIBS='-r:/usr/lib/pkgconfig/../../lib/cli/pango-sharp-2.0/pango-sharp.dll -r:/usr/lib/pkgconfig/../../lib/cli/atk-sharp-2.0/atk-sharp.dll -r:/usr/lib/pkgconfig/../../lib/cli/gdk-sharp-2.0/gdk-sharp.dll -r:/usr/lib/pkgconfig/../../lib/cli/gtk-sharp-2.0/gtk-sharp.dll -r:/usr/lib/pkgconfig/../../lib/cli/glib-sharp-2.0/glib-sharp.dll  '
HAS_MONO_FALSE='#'
HAS_MONO_TRUE=''
HAVE_GCOVR_FALSE=''
HAVE_GCOVR_TRUE='#'
HAVE_GCOV_FALSE=''
HAVE_GCOV_TRUE='#'
HAVE_INTROSPECTION_FALSE='#'
HAVE_INTROSPECTION_TRUE=''
HAVE_LCOV_FALSE=''
HAVE_LCOV_TRUE='#'
HAVE_VALAC_FALSE='#'
HAVE_VALAC_TRUE=''
HAVE_VAPIGEN_FALSE='#'
HAVE_VAPIGEN_TRUE=''
HTML_DIR='${datadir}/gtk-doc/html'
INSTALL_DATA='${INSTALL} -m 644'
INSTALL_PROGRAM='${INSTALL}'
INSTALL_SCRIPT='${INSTALL}'
INSTALL_STRIP_PROGRAM='$(install_sh) -c -s'
INTROSPECTION_CFLAGS='-pthread -I/usr/include/glib-2.0 -I/usr/lib/i386-linux-gnu/glib-2.0/include -I/usr/include/gobject-introspection-1.0  '
INTROSPECTION_COMPILER='/usr/bin/g-ir-compiler'
INTROSPECTION_GENERATE='/usr/bin/g-ir-generate'
INTROSPECTION_GIRDIR='/usr/share/gir-1.0'
INTROSPECTION_LIBS='-lgirepository-1.0 -lgobject-2.0 -lglib-2.0  '
INTROSPECTION_MAKEFILE='/usr/share/gobject-introspection-1.0/Makefile.introspection'
INTROSPECTION_SCANNER='/usr/bin/g-ir-scanner'
INTROSPECTION_TEN_FALSE='#'
INTROSPECTION_TEN_TRUE=''
INTROSPECTION_TYPELIBDIR='/usr/lib/girepository-1.0'
LCOV=''
LD='/usr/bin/ld'
LDFLAGS=''
LIBOBJS=''
LIBRARY_CFLAGS='-pthread -I/usr/include/gtk-2.0 -I/usr/lib/i386-linux-gnu/gtk-2.0/include -I/usr/include/atk-1.0 -I/usr/include/cairo -I/usr/include/gdk-pixbuf-2.0 -I/usr/include/pango-1.0 -I/usr/include/gio-unix-2.0/ -I/usr/include/glib-2.0 -I/usr/lib/i386-linux-gnu/glib-2.0/include -I/usr/include/pixman-1 -I/usr/include/freetype2 -I/usr/include/libpng12 -I/usr/include/harfbuzz -I/usr/include/libindicator-0.4 -I/usr/include/libdbusmenu-gtk-0.4 -I/usr/include/libdbusmenu-glib-0.4  '
LIBRARY_LIBS='-lindicator -ldbusmenu-gtk -ldbusmenu-glib -lgtk-x11-2.0 -lgdk-x11-2.0 -latk-1.0 -lgio-2.0 -lpangoft2-1.0 -lpangocairo-1.0 -lgdk_pixbuf-2.0 -lcairo -lpango-1.0 -lfreetype -lfontconfig -lgobject-2.0 -lglib-2.0  '
LIBS=''
LIBTOOL='$(SHELL) $(top_builddir)/libtool'
LIB_PREFIX='.so'
LIB_SUFFIX=''
LIPO=''
LN_S='ln -s'
LTLIBOBJS=''
MAINT=''
MAINTAINER_MODE_FALSE='#'
MAINTAINER_MODE_TRUE=''
MAKEINFO='${SHELL} /home/stone/Ukylin/libappindicator-12.10.0/missing --run makeinfo'
MANIFEST_TOOL=':'
MKDIR_P='/bin/mkdir -p'
MONO_DEPENDENCY_CFLAGS=' '
MONO_DEPENDENCY_LIBS=' '
MONO_NUNIT_CFLAGS=''
MONO_NUNIT_LIBS=''
NM='/usr/bin/nm -B'
NMEDIT=''
NUNIT_CFLAGS=' '
NUNIT_LIBS='-r:/usr/lib/cli/nunit.core-2.6/nunit.core.dll -r:/usr/lib/cli/nunit.util-2.6/nunit.util.dll -r:/usr/lib/cli/nunit.framework-2.6/nunit.framework.dll -r:/usr/lib/cli/nunit.core.interfaces-2.6/nunit.core.interfaces.dll  '
OBJDUMP='objdump'
OBJEXT='o'
OTOOL64=''
OTOOL=''
PACKAGE='libappindicator'
PACKAGE_BUGREPORT='http://bugs.launchpad.net/libappindicator'
PACKAGE_NAME='libappindicator'
PACKAGE_STRING='libappindicator 12.10.0'
PACKAGE_TARNAME='libappindicator'
PACKAGE_URL='http://launchpad.net/libappindicator'
PACKAGE_VERSION='12.10.0'
PATH_SEPARATOR=':'
PKG_CONFIG='/usr/bin/pkg-config'
PKG_CONFIG_LIBDIR=''
PKG_CONFIG_PATH=''
PYGTK_CODEGEN='/usr/bin/python /usr/share/pygobject/2.0/codegen/codegen.py'
PYGTK_DEFSDIR='/usr/share/pygtk/2.0/defs'
PYTHON='/usr/bin/python'
PYTHON_EXEC_PREFIX='${exec_prefix}'
PYTHON_INCLUDES='-I/usr/include/python2.7'
PYTHON_PLATFORM='linux2'
PYTHON_PREFIX='${prefix}'
PYTHON_VERSION='2.7'
RANLIB='ranlib'
RUNTIME='mono'
SED='/bin/sed'
SET_MAKE=''
SHELL='/bin/bash'
SHTOOL=''
STRIP='strip'
TESTDEPS_CFLAGS='-I/usr/include/dbus-1.0 -I/usr/lib/i386-linux-gnu/dbus-1.0/include -I/usr/include/glib-2.0 -I/usr/lib/i386-linux-gnu/glib-2.0/include  '
TESTDEPS_LIBS='-ldbus-glib-1 -ldbus-1 -lgobject-2.0 -lglib-2.0  '
USE_GTK3_FALSE=''
USE_GTK3_TRUE='#'
VALAC='/usr/bin/valac'
VALA_API_GEN='/usr/bin/vapigen'
VERSION='12.10.0'
WANT_TESTS_FALSE='#'
WANT_TESTS_TRUE=''
ac_ct_AR='ar'
ac_ct_CC='gcc'
ac_ct_DUMPBIN=''
am__EXEEXT_FALSE=''
am__EXEEXT_TRUE='#'
am__fastdepCC_FALSE='#'
am__fastdepCC_TRUE=''
am__include='include'
am__isrc=''
am__leading_dot='.'
am__nodep='_no'
am__quote=''
am__tar='tar --format=posix -chf - "$$tardir"'
am__untar='tar -xf -'
bindir='${exec_prefix}/bin'
build='i686-pc-linux-gnu'
build_alias=''
build_cpu='i686'
build_os='linux-gnu'
build_vendor='pc'
datadir='${datarootdir}'
datarootdir='${prefix}/share'
docdir='${datarootdir}/doc/${PACKAGE_TARNAME}'
dvidir='${docdir}'
exec_prefix='${prefix}'
host='i686-pc-linux-gnu'
host_alias=''
host_cpu='i686'
host_os='linux-gnu'
host_vendor='pc'
htmldir='${docdir}'
includedir='${prefix}/include'
infodir='${datarootdir}/info'
install_sh='${SHELL} /home/stone/Ukylin/libappindicator-12.10.0/install-sh'
libdir='${exec_prefix}/lib'
libexecdir='${exec_prefix}/libexec'
localedir='${datarootdir}/locale'
localstatedir='${prefix}/var'
mandir='${datarootdir}/man'
mkdir_p='/bin/mkdir -p'
oldincludedir='/usr/include'
pdfdir='${docdir}'
pkgpyexecdir='${pyexecdir}/libappindicator'
pkgpythondir='${pythondir}/libappindicator'
prefix='/usr/local'
program_transform_name='s,x,x,'
psdir='${docdir}'
pyexecdir='${exec_prefix}/lib/python2.7/site-packages'
pythondir='${prefix}/lib/python2.7/site-packages'
sbindir='${exec_prefix}/sbin'
sharedstatedir='${prefix}/com'
sysconfdir='${prefix}/etc'
target_alias=''

## ----------- ##
## confdefs.h. ##
## ----------- ##

/* confdefs.h */
#define PACKAGE_NAME "libappindicator"
#define PACKAGE_TARNAME "libappindicator"
#define PACKAGE_VERSION "12.10.0"
#define PACKAGE_STRING "libappindicator 12.10.0"
#define PACKAGE_BUGREPORT "http://bugs.launchpad.net/libappindicator"
#define PACKAGE_URL "http://launchpad.net/libappindicator"
#define PACKAGE "libappindicator"
#define VERSION "12.10.0"
#define STDC_HEADERS 1
#define HAVE_SYS_TYPES_H 1
#define HAVE_SYS_STAT_H 1
#define HAVE_STDLIB_H 1
#define HAVE_STRING_H 1
#define HAVE_MEMORY_H 1
#define HAVE_STRINGS_H 1
#define HAVE_INTTYPES_H 1
#define HAVE_STDINT_H 1
#define HAVE_UNISTD_H 1
#define HAVE_DLFCN_H 1
#define LT_OBJDIR ".libs/"

configure: exit 0

## ---------------------- ##
## Running config.status. ##
## ---------------------- ##

This file was extended by libappindicator config.status 12.10.0, which was
generated by GNU Autoconf 2.69.  Invocation command line was

  CONFIG_FILES    = 
  CONFIG_HEADERS  = 
  CONFIG_LINKS    = 
  CONFIG_COMMANDS = 
  $ ./config.status 

on stone-ThinkPad-X230

config.status:1213: creating Makefile
config.status:1213: creating src/Makefile
config.status:1213: creating src/appindicator-0.1.pc
config.status:1213: creating src/appindicator3-0.1.pc
config.status:1213: creating bindings/Makefile
config.status:1213: creating bindings/python/Makefile
config.status:1213: creating bindings/python/appindicator.override
config.status:1213: creating bindings/vala/Makefile
config.status:1213: creating bindings/vala/examples/Makefile
config.status:1213: creating tests/Makefile
config.status:1213: creating example/Makefile
config.status:1213: creating docs/Makefile
config.status:1213: creating docs/reference/Makefile
config.status:1213: creating docs/reference/version.xml
config.status:1213: creating docs/reference/libappindicator-docs.sgml
config.status:1213: creating bindings/mono/Makefile
config.status:1213: creating bindings/mono/appindicator-sharp.dll.config
config.status:1213: creating bindings/mono/appindicator-sharp-0.1.pc
config.status:1213: creating bindings/mono/app-indicator.sources.xml
config.status:1213: creating bindings/mono/examples/Makefile
config.status:1213: creating bindings/mono/examples/indicator-example
config.status:1213: creating config.h
config.status:1394: config.h is unchanged
config.status:1442: executing depfiles commands
config.status:1442: executing libtool commands

## ---------------------- ##
## Running config.status. ##
## ---------------------- ##

This file was extended by libappindicator config.status 12.10.0, which was
generated by GNU Autoconf 2.69.  Invocation command line was

  CONFIG_FILES    = 
  CONFIG_HEADERS  = 
  CONFIG_LINKS    = 
  CONFIG_COMMANDS = 
  $ ./config.status config.h

on stone-ThinkPad-X230

config.status:1213: creating config.h
config.status:1394: config.h is unchanged
